<?xml version="1.0" encoding="UTF-8"?>
<robot generator="Robot 5.0.1 (Python 3.10.4 on win32)" generated="20220606 08:54:50.260" rpa="false" schemaversion="3">
<suite id="s1" name="Oppenheimer">
<suite id="s1-s1" name="Oppenheimer API GetTaxRelief" source="R:\pythonProject\Oppenheimer_Test_Automation\Oppenheimer_Test_Automation\testcases\Oppenheimer_API_GetTaxRelief.robot">
<kw name="Create Session" library="RequestsLibrary" type="SETUP">
<arg>Oppenheimer</arg>
<arg>http://localhost:8080</arg>
<doc>Create Session: create a HTTP session to a server</doc>
<msg timestamp="20220606 08:54:50.953" level="INFO">Creating Session using : alias=Oppenheimer, url=http://localhost:8080, headers={},                     cookies={}, auth=None, timeout=None, proxies=None, verify=False,                     debug=0 </msg>
<status status="PASS" starttime="20220606 08:54:50.953" endtime="20220606 08:54:50.953"/>
</kw>
<test id="s1-s1-t1" name="create working class hero and validate tax relief calculation" line="18">
<kw name="create working class hero and get the tax relief">
<arg>YES</arg>
<arg>US04_VerifyTaxRelief_TC01</arg>
<arg>This testcase to verify the tax relief Amount returned less than 50</arg>
<arg>01012005</arg>
<arg>m</arg>
<arg>TestRecord 0401</arg>
<arg>Y123B789Z</arg>
<arg>100</arg>
<arg>8</arg>
<arg>202</arg>
<arg>Alright</arg>
<if>
<branch type="IF" condition="'${run_tag}' == 'YES'">
<kw name="Set Variable" library="BuiltIn">
<var>${data}</var>
<arg>{"birthday":"${birthday}","gender":"${gender}","name":"${name}","natid":"${natid}","salary":"${salary}","tax":"${tax}"}</arg>
<doc>Returns the given values which can then be assigned to a variables.</doc>
<msg timestamp="20220606 08:54:50.953" level="INFO">${data} = {"birthday":"01012005","gender":"m","name":"TestRecord 0401","natid":"Y123B789Z","salary":"100","tax":"8"}</msg>
<status status="PASS" starttime="20220606 08:54:50.953" endtime="20220606 08:54:50.953"/>
</kw>
<kw name="Delete all working class hero" library="Common_Keywords">
<kw name="POST On Session" library="RequestsLibrary">
<var>${resp_rakeDatabase}</var>
<arg>Oppenheimer</arg>
<arg>/calculator/rakeDatabase</arg>
<arg>expected_status=200</arg>
<doc>Sends a POST request on a previously created HTTP Session.</doc>
<msg timestamp="20220606 08:54:50.985" level="INFO">POST Request : url=http://localhost:8080/calculator/rakeDatabase 
 path_url=/calculator/rakeDatabase 
 headers={'User-Agent': 'python-requests/2.27.1', 'Accept-Encoding': 'gzip, deflate', 'Accept': '*/*', 'Connection': 'keep-alive', 'Content-Length': '0'} 
 body=None 
 </msg>
<msg timestamp="20220606 08:54:50.985" level="INFO">POST Response : url=http://localhost:8080/calculator/rakeDatabase 
 status=200, reason= 
 headers={'Content-Type': 'text/plain;charset=UTF-8', 'Content-Length': '21', 'Date': 'Mon, 06 Jun 2022 00:54:50 GMT'} 
 body=Successfully raked DB 
 </msg>
<msg timestamp="20220606 08:54:50.985" level="INFO">${resp_rakeDatabase} = &lt;Response [200]&gt;</msg>
<status status="PASS" starttime="20220606 08:54:50.953" endtime="20220606 08:54:50.985"/>
</kw>
<status status="PASS" starttime="20220606 08:54:50.953" endtime="20220606 08:54:50.985"/>
</kw>
<kw name="Trigger create working class hero API" library="Common_Keywords">
<var>${actual_resp_status_code}</var>
<var>${actual_resp_content}</var>
<arg>${data}</arg>
<kw name="Create Dictionary" library="BuiltIn">
<var>${headers}</var>
<arg>Content-Type</arg>
<arg>application/json</arg>
<doc>Creates and returns a dictionary based on the given ``items``.</doc>
<msg timestamp="20220606 08:54:50.985" level="INFO">${headers} = {'Content-Type': 'application/json'}</msg>
<status status="PASS" starttime="20220606 08:54:50.985" endtime="20220606 08:54:50.985"/>
</kw>
<kw name="POST On Session" library="RequestsLibrary">
<var>${resp_insertPerson}</var>
<arg>Oppenheimer</arg>
<arg>/calculator/insert</arg>
<arg>headers=${headers}</arg>
<arg>data=${data}</arg>
<arg>expected_status=anything</arg>
<doc>Sends a POST request on a previously created HTTP Session.</doc>
<msg timestamp="20220606 08:54:51.001" level="INFO">POST Request : url=http://localhost:8080/calculator/insert 
 path_url=/calculator/insert 
 headers={'User-Agent': 'python-requests/2.27.1', 'Accept-Encoding': 'gzip, deflate', 'Accept': '*/*', 'Connection': 'keep-alive', 'Content-Type': 'application/json', 'Content-Length': '106'} 
 body={"birthday":"01012005","gender":"m","name":"TestRecord 0401","natid":"Y123B789Z","salary":"100","tax":"8"} 
 </msg>
<msg timestamp="20220606 08:54:51.001" level="INFO">POST Response : url=http://localhost:8080/calculator/insert 
 status=202, reason= 
 headers={'Content-Type': 'text/plain;charset=UTF-8', 'Content-Length': '7', 'Date': 'Mon, 06 Jun 2022 00:54:50 GMT'} 
 body=Alright 
 </msg>
<msg timestamp="20220606 08:54:51.001" level="INFO">${resp_insertPerson} = &lt;Response [202]&gt;</msg>
<status status="PASS" starttime="20220606 08:54:50.985" endtime="20220606 08:54:51.001"/>
</kw>
<msg timestamp="20220606 08:54:51.001" level="INFO">${actual_resp_status_code} = &lt;Response [202]&gt;</msg>
<msg timestamp="20220606 08:54:51.001" level="INFO">${actual_resp_content} = Alright</msg>
<status status="PASS" starttime="20220606 08:54:50.985" endtime="20220606 08:54:51.001"/>
</kw>
<kw name="Status Should Be" library="RequestsLibrary">
<arg>${expected_resp_code}</arg>
<arg>${actual_resp_status_code}</arg>
<doc>Fails if response status code is different than the expected.</doc>
<status status="PASS" starttime="20220606 08:54:51.001" endtime="20220606 08:54:51.001"/>
</kw>
<kw name="Should Be Equal As Strings" library="BuiltIn">
<arg>${expected_resp_content}</arg>
<arg>${actual_resp_content}</arg>
<doc>Fails if objects are unequal after converting them to strings.</doc>
<msg timestamp="20220606 08:54:51.001" level="INFO">Argument types are:
&lt;class 'str'&gt;
&lt;class 'bytes'&gt;</msg>
<status status="PASS" starttime="20220606 08:54:51.001" endtime="20220606 08:54:51.001"/>
</kw>
<kw name="Calculate Tax Relief" library="Common_Logic">
<var>${exp_calculated_taxRelief}</var>
<arg>${salary}</arg>
<arg>${tax}</arg>
<arg>${gender}</arg>
<arg>${birthday}</arg>
<msg timestamp="20220606 08:54:51.001" level="INFO">17
17
17
92.00</msg>
<msg timestamp="20220606 08:54:51.001" level="INFO">${exp_calculated_taxRelief} = 92.00</msg>
<status status="PASS" starttime="20220606 08:54:51.001" endtime="20220606 08:54:51.001"/>
</kw>
<kw name="Generate Mask Nationalid" library="Common_Logic">
<var>${exp_National_ID}</var>
<arg>${natid}</arg>
<msg timestamp="20220606 08:54:51.001" level="INFO">${exp_National_ID} = Y123$$$$$</msg>
<status status="PASS" starttime="20220606 08:54:51.001" endtime="20220606 08:54:51.001"/>
</kw>
<kw name="Get Tax Relief" library="Common_Keywords">
<var>${actual_resp_get_status_code}</var>
<var>${actual_resp_get_content}</var>
<kw name="GET On Session" library="RequestsLibrary">
<var>${resp_taxRelief}</var>
<arg>Oppenheimer</arg>
<arg>/calculator/taxRelief</arg>
<doc>Sends a GET request on a previously created HTTP Session.</doc>
<msg timestamp="20220606 08:54:51.001" level="INFO">GET Request : url=http://localhost:8080/calculator/taxRelief 
 path_url=/calculator/taxRelief 
 headers={'User-Agent': 'python-requests/2.27.1', 'Accept-Encoding': 'gzip, deflate', 'Accept': '*/*', 'Connection': 'keep-alive'} 
 body=None 
 </msg>
<msg timestamp="20220606 08:54:51.001" level="INFO">GET Response : url=http://localhost:8080/calculator/taxRelief 
 status=200, reason= 
 headers={'Content-Type': 'application/json;charset=UTF-8', 'Transfer-Encoding': 'chunked', 'Date': 'Mon, 06 Jun 2022 00:54:50 GMT'} 
 body=[{"natid":"Y123$$$$$","name":"TestRecord 0401","relief":"92.00"}] 
 </msg>
<msg timestamp="20220606 08:54:51.001" level="INFO">${resp_taxRelief} = &lt;Response [200]&gt;</msg>
<status status="PASS" starttime="20220606 08:54:51.001" endtime="20220606 08:54:51.001"/>
</kw>
<msg timestamp="20220606 08:54:51.001" level="INFO">${actual_resp_get_status_code} = &lt;Response [200]&gt;</msg>
<msg timestamp="20220606 08:54:51.001" level="INFO">${actual_resp_get_content} = [{"natid":"Y123$$$$$","name":"TestRecord 0401","relief":"92.00"}]</msg>
<status status="PASS" starttime="20220606 08:54:51.001" endtime="20220606 08:54:51.001"/>
</kw>
<kw name="Get Value From Json" library="JSONLibrary">
<var>${act_resp_name}</var>
<arg>${actual_resp_get_status_code.json()}</arg>
<arg>$..name</arg>
<doc>Get Value From JSON using JSONPath</doc>
<msg timestamp="20220606 08:54:51.016" level="INFO">${act_resp_name} = ['TestRecord 0401']</msg>
<status status="PASS" starttime="20220606 08:54:51.001" endtime="20220606 08:54:51.016"/>
</kw>
<kw name="Get Value From Json" library="JSONLibrary">
<var>${act_resp_nationalID}</var>
<arg>${actual_resp_get_status_code.json()}</arg>
<arg>$..natid</arg>
<doc>Get Value From JSON using JSONPath</doc>
<msg timestamp="20220606 08:54:51.032" level="INFO">${act_resp_nationalID} = ['Y123$$$$$']</msg>
<status status="PASS" starttime="20220606 08:54:51.016" endtime="20220606 08:54:51.032"/>
</kw>
<kw name="Get Value From Json" library="JSONLibrary">
<var>${act_resp_TaxRelief}</var>
<arg>${actual_resp_get_status_code.json()}</arg>
<arg>$..relief</arg>
<doc>Get Value From JSON using JSONPath</doc>
<msg timestamp="20220606 08:54:51.048" level="INFO">${act_resp_TaxRelief} = ['92.00']</msg>
<status status="PASS" starttime="20220606 08:54:51.032" endtime="20220606 08:54:51.048"/>
</kw>
<kw name="Should Be Equal As Strings" library="BuiltIn">
<arg>${name}</arg>
<arg>${act_resp_name}[0]</arg>
<doc>Fails if objects are unequal after converting them to strings.</doc>
<status status="PASS" starttime="20220606 08:54:51.048" endtime="20220606 08:54:51.048"/>
</kw>
<kw name="Should Be Equal As Strings" library="BuiltIn">
<arg>${exp_National_ID}</arg>
<arg>${act_resp_nationalID}[0]</arg>
<doc>Fails if objects are unequal after converting them to strings.</doc>
<status status="PASS" starttime="20220606 08:54:51.048" endtime="20220606 08:54:51.048"/>
</kw>
<kw name="Should Be Equal As Strings" library="BuiltIn">
<arg>${exp_calculated_taxRelief}</arg>
<arg>${act_resp_TaxRelief}[0]</arg>
<doc>Fails if objects are unequal after converting them to strings.</doc>
<status status="PASS" starttime="20220606 08:54:51.048" endtime="20220606 08:54:51.048"/>
</kw>
<kw name="Get Tax Relief Summary" library="Common_Keywords">
<var>${actual_resp_get_status_code}</var>
<var>${actual_resp_get_content}</var>
<kw name="GET On Session" library="RequestsLibrary">
<var>${resp_taxReliefsummary}</var>
<arg>Oppenheimer</arg>
<arg>/calculator/taxReliefSummary</arg>
<doc>Sends a GET request on a previously created HTTP Session.</doc>
<msg timestamp="20220606 08:54:51.048" level="INFO">GET Request : url=http://localhost:8080/calculator/taxReliefSummary 
 path_url=/calculator/taxReliefSummary 
 headers={'User-Agent': 'python-requests/2.27.1', 'Accept-Encoding': 'gzip, deflate', 'Accept': '*/*', 'Connection': 'keep-alive'} 
 body=None 
 </msg>
<msg timestamp="20220606 08:54:51.048" level="INFO">GET Response : url=http://localhost:8080/calculator/taxReliefSummary 
 status=200, reason= 
 headers={'Content-Type': 'application/json;charset=UTF-8', 'Transfer-Encoding': 'chunked', 'Date': 'Mon, 06 Jun 2022 00:54:50 GMT'} 
 body={"totalWorkingClassHeroes":"1","totalTaxReliefAmount":"92.00"} 
 </msg>
<msg timestamp="20220606 08:54:51.048" level="INFO">${resp_taxReliefsummary} = &lt;Response [200]&gt;</msg>
<status status="PASS" starttime="20220606 08:54:51.048" endtime="20220606 08:54:51.048"/>
</kw>
<msg timestamp="20220606 08:54:51.048" level="INFO">${actual_resp_get_status_code} = &lt;Response [200]&gt;</msg>
<msg timestamp="20220606 08:54:51.048" level="INFO">${actual_resp_get_content} = {"totalWorkingClassHeroes":"1","totalTaxReliefAmount":"92.00"}</msg>
<status status="PASS" starttime="20220606 08:54:51.048" endtime="20220606 08:54:51.048"/>
</kw>
<kw name="Get Value From Json" library="JSONLibrary">
<var>${act_resp_NoOfWorkingClassHeros}</var>
<arg>${actual_resp_get_status_code.json()}</arg>
<arg>$..totalWorkingClassHeroes</arg>
<doc>Get Value From JSON using JSONPath</doc>
<msg timestamp="20220606 08:54:51.079" level="INFO">${act_resp_NoOfWorkingClassHeros} = ['1']</msg>
<status status="PASS" starttime="20220606 08:54:51.048" endtime="20220606 08:54:51.079"/>
</kw>
<kw name="Get Value From Json" library="JSONLibrary">
<var>${act_resp_totalTaxRelief}</var>
<arg>${actual_resp_get_status_code.json()}</arg>
<arg>$..totalTaxReliefAmount</arg>
<doc>Get Value From JSON using JSONPath</doc>
<msg timestamp="20220606 08:54:51.084" level="INFO">${act_resp_totalTaxRelief} = ['92.00']</msg>
<status status="PASS" starttime="20220606 08:54:51.079" endtime="20220606 08:54:51.084"/>
</kw>
<kw name="Should Be Equal As Strings" library="BuiltIn">
<arg>${act_resp_NoOfWorkingClassHeros}[0]</arg>
<arg>1</arg>
<arg>Number Of Working Heros not matched</arg>
<doc>Fails if objects are unequal after converting them to strings.</doc>
<status status="PASS" starttime="20220606 08:54:51.084" endtime="20220606 08:54:51.084"/>
</kw>
<kw name="Should Be Equal As Strings" library="BuiltIn">
<arg>${exp_calculated_taxRelief}</arg>
<arg>${act_resp_totalTaxRelief}[0]</arg>
<doc>Fails if objects are unequal after converting them to strings.</doc>
<status status="PASS" starttime="20220606 08:54:51.084" endtime="20220606 08:54:51.084"/>
</kw>
<status status="PASS" starttime="20220606 08:54:50.953" endtime="20220606 08:54:51.084"/>
</branch>
<branch type="ELSE">
<kw name="Skip" library="BuiltIn">
<arg>test</arg>
<doc>Skips the rest of the current test.</doc>
<status status="NOT RUN" starttime="20220606 08:54:51.084" endtime="20220606 08:54:51.084"/>
</kw>
<status status="NOT RUN" starttime="20220606 08:54:51.084" endtime="20220606 08:54:51.084"/>
</branch>
<status status="PASS" starttime="20220606 08:54:50.953" endtime="20220606 08:54:51.084"/>
</if>
<status status="PASS" starttime="20220606 08:54:50.953" endtime="20220606 08:54:51.084"/>
</kw>
<tag>YES</tag>
<status status="PASS" starttime="20220606 08:54:50.953" endtime="20220606 08:54:51.095"/>
</test>
<test id="s1-s1-t2" name="create working class hero and validate tax relief calculation" line="18">
<kw name="create working class hero and get the tax relief">
<arg>YES</arg>
<arg>US04_VerifyTaxRelief_TC02</arg>
<arg>This testcase to verify the tax relief Amount for male whose Salary and Tax paid is zero</arg>
<arg>01012005</arg>
<arg>m</arg>
<arg>TestRecord 0402</arg>
<arg>K123B789K</arg>
<arg>1</arg>
<arg>0.01</arg>
<arg>202</arg>
<arg>Alright</arg>
<if>
<branch type="IF" condition="'${run_tag}' == 'YES'">
<kw name="Set Variable" library="BuiltIn">
<var>${data}</var>
<arg>{"birthday":"${birthday}","gender":"${gender}","name":"${name}","natid":"${natid}","salary":"${salary}","tax":"${tax}"}</arg>
<doc>Returns the given values which can then be assigned to a variables.</doc>
<msg timestamp="20220606 08:54:51.099" level="INFO">${data} = {"birthday":"01012005","gender":"m","name":"TestRecord 0402","natid":"K123B789K","salary":"1","tax":"0.01"}</msg>
<status status="PASS" starttime="20220606 08:54:51.099" endtime="20220606 08:54:51.099"/>
</kw>
<kw name="Delete all working class hero" library="Common_Keywords">
<kw name="POST On Session" library="RequestsLibrary">
<var>${resp_rakeDatabase}</var>
<arg>Oppenheimer</arg>
<arg>/calculator/rakeDatabase</arg>
<arg>expected_status=200</arg>
<doc>Sends a POST request on a previously created HTTP Session.</doc>
<msg timestamp="20220606 08:54:51.103" level="INFO">POST Request : url=http://localhost:8080/calculator/rakeDatabase 
 path_url=/calculator/rakeDatabase 
 headers={'User-Agent': 'python-requests/2.27.1', 'Accept-Encoding': 'gzip, deflate', 'Accept': '*/*', 'Connection': 'keep-alive', 'Content-Length': '0'} 
 body=None 
 </msg>
<msg timestamp="20220606 08:54:51.103" level="INFO">POST Response : url=http://localhost:8080/calculator/rakeDatabase 
 status=200, reason= 
 headers={'Content-Type': 'text/plain;charset=UTF-8', 'Content-Length': '21', 'Date': 'Mon, 06 Jun 2022 00:54:50 GMT'} 
 body=Successfully raked DB 
 </msg>
<msg timestamp="20220606 08:54:51.103" level="INFO">${resp_rakeDatabase} = &lt;Response [200]&gt;</msg>
<status status="PASS" starttime="20220606 08:54:51.099" endtime="20220606 08:54:51.103"/>
</kw>
<status status="PASS" starttime="20220606 08:54:51.099" endtime="20220606 08:54:51.103"/>
</kw>
<kw name="Trigger create working class hero API" library="Common_Keywords">
<var>${actual_resp_status_code}</var>
<var>${actual_resp_content}</var>
<arg>${data}</arg>
<kw name="Create Dictionary" library="BuiltIn">
<var>${headers}</var>
<arg>Content-Type</arg>
<arg>application/json</arg>
<doc>Creates and returns a dictionary based on the given ``items``.</doc>
<msg timestamp="20220606 08:54:51.103" level="INFO">${headers} = {'Content-Type': 'application/json'}</msg>
<status status="PASS" starttime="20220606 08:54:51.103" endtime="20220606 08:54:51.103"/>
</kw>
<kw name="POST On Session" library="RequestsLibrary">
<var>${resp_insertPerson}</var>
<arg>Oppenheimer</arg>
<arg>/calculator/insert</arg>
<arg>headers=${headers}</arg>
<arg>data=${data}</arg>
<arg>expected_status=anything</arg>
<doc>Sends a POST request on a previously created HTTP Session.</doc>
<msg timestamp="20220606 08:54:51.103" level="INFO">POST Request : url=http://localhost:8080/calculator/insert 
 path_url=/calculator/insert 
 headers={'User-Agent': 'python-requests/2.27.1', 'Accept-Encoding': 'gzip, deflate', 'Accept': '*/*', 'Connection': 'keep-alive', 'Content-Type': 'application/json', 'Content-Length': '107'} 
 body={"birthday":"01012005","gender":"m","name":"TestRecord 0402","natid":"K123B789K","salary":"1","tax":"0.01"} 
 </msg>
<msg timestamp="20220606 08:54:51.103" level="INFO">POST Response : url=http://localhost:8080/calculator/insert 
 status=202, reason= 
 headers={'Content-Type': 'text/plain;charset=UTF-8', 'Content-Length': '7', 'Date': 'Mon, 06 Jun 2022 00:54:50 GMT'} 
 body=Alright 
 </msg>
<msg timestamp="20220606 08:54:51.103" level="INFO">${resp_insertPerson} = &lt;Response [202]&gt;</msg>
<status status="PASS" starttime="20220606 08:54:51.103" endtime="20220606 08:54:51.103"/>
</kw>
<msg timestamp="20220606 08:54:51.103" level="INFO">${actual_resp_status_code} = &lt;Response [202]&gt;</msg>
<msg timestamp="20220606 08:54:51.103" level="INFO">${actual_resp_content} = Alright</msg>
<status status="PASS" starttime="20220606 08:54:51.103" endtime="20220606 08:54:51.103"/>
</kw>
<kw name="Status Should Be" library="RequestsLibrary">
<arg>${expected_resp_code}</arg>
<arg>${actual_resp_status_code}</arg>
<doc>Fails if response status code is different than the expected.</doc>
<status status="PASS" starttime="20220606 08:54:51.103" endtime="20220606 08:54:51.103"/>
</kw>
<kw name="Should Be Equal As Strings" library="BuiltIn">
<arg>${expected_resp_content}</arg>
<arg>${actual_resp_content}</arg>
<doc>Fails if objects are unequal after converting them to strings.</doc>
<msg timestamp="20220606 08:54:51.103" level="INFO">Argument types are:
&lt;class 'str'&gt;
&lt;class 'bytes'&gt;</msg>
<status status="PASS" starttime="20220606 08:54:51.103" endtime="20220606 08:54:51.103"/>
</kw>
<kw name="Calculate Tax Relief" library="Common_Logic">
<var>${exp_calculated_taxRelief}</var>
<arg>${salary}</arg>
<arg>${tax}</arg>
<arg>${gender}</arg>
<arg>${birthday}</arg>
<msg timestamp="20220606 08:54:51.103" level="INFO">17
17
17
0.99
50.00</msg>
<msg timestamp="20220606 08:54:51.103" level="INFO">${exp_calculated_taxRelief} = 50.00</msg>
<status status="PASS" starttime="20220606 08:54:51.103" endtime="20220606 08:54:51.103"/>
</kw>
<kw name="Generate Mask Nationalid" library="Common_Logic">
<var>${exp_National_ID}</var>
<arg>${natid}</arg>
<msg timestamp="20220606 08:54:51.103" level="INFO">${exp_National_ID} = K123$$$$$</msg>
<status status="PASS" starttime="20220606 08:54:51.103" endtime="20220606 08:54:51.103"/>
</kw>
<kw name="Get Tax Relief" library="Common_Keywords">
<var>${actual_resp_get_status_code}</var>
<var>${actual_resp_get_content}</var>
<kw name="GET On Session" library="RequestsLibrary">
<var>${resp_taxRelief}</var>
<arg>Oppenheimer</arg>
<arg>/calculator/taxRelief</arg>
<doc>Sends a GET request on a previously created HTTP Session.</doc>
<msg timestamp="20220606 08:54:51.103" level="INFO">GET Request : url=http://localhost:8080/calculator/taxRelief 
 path_url=/calculator/taxRelief 
 headers={'User-Agent': 'python-requests/2.27.1', 'Accept-Encoding': 'gzip, deflate', 'Accept': '*/*', 'Connection': 'keep-alive'} 
 body=None 
 </msg>
<msg timestamp="20220606 08:54:51.103" level="INFO">GET Response : url=http://localhost:8080/calculator/taxRelief 
 status=200, reason= 
 headers={'Content-Type': 'application/json;charset=UTF-8', 'Transfer-Encoding': 'chunked', 'Date': 'Mon, 06 Jun 2022 00:54:50 GMT'} 
 body=[{"natid":"K123$$$$$","name":"TestRecord 0402","relief":"50.00"}] 
 </msg>
<msg timestamp="20220606 08:54:51.103" level="INFO">${resp_taxRelief} = &lt;Response [200]&gt;</msg>
<status status="PASS" starttime="20220606 08:54:51.103" endtime="20220606 08:54:51.103"/>
</kw>
<msg timestamp="20220606 08:54:51.103" level="INFO">${actual_resp_get_status_code} = &lt;Response [200]&gt;</msg>
<msg timestamp="20220606 08:54:51.103" level="INFO">${actual_resp_get_content} = [{"natid":"K123$$$$$","name":"TestRecord 0402","relief":"50.00"}]</msg>
<status status="PASS" starttime="20220606 08:54:51.103" endtime="20220606 08:54:51.103"/>
</kw>
<kw name="Get Value From Json" library="JSONLibrary">
<var>${act_resp_name}</var>
<arg>${actual_resp_get_status_code.json()}</arg>
<arg>$..name</arg>
<doc>Get Value From JSON using JSONPath</doc>
<msg timestamp="20220606 08:54:51.119" level="INFO">${act_resp_name} = ['TestRecord 0402']</msg>
<status status="PASS" starttime="20220606 08:54:51.103" endtime="20220606 08:54:51.119"/>
</kw>
<kw name="Get Value From Json" library="JSONLibrary">
<var>${act_resp_nationalID}</var>
<arg>${actual_resp_get_status_code.json()}</arg>
<arg>$..natid</arg>
<doc>Get Value From JSON using JSONPath</doc>
<msg timestamp="20220606 08:54:51.135" level="INFO">${act_resp_nationalID} = ['K123$$$$$']</msg>
<status status="PASS" starttime="20220606 08:54:51.119" endtime="20220606 08:54:51.135"/>
</kw>
<kw name="Get Value From Json" library="JSONLibrary">
<var>${act_resp_TaxRelief}</var>
<arg>${actual_resp_get_status_code.json()}</arg>
<arg>$..relief</arg>
<doc>Get Value From JSON using JSONPath</doc>
<msg timestamp="20220606 08:54:51.151" level="INFO">${act_resp_TaxRelief} = ['50.00']</msg>
<status status="PASS" starttime="20220606 08:54:51.135" endtime="20220606 08:54:51.151"/>
</kw>
<kw name="Should Be Equal As Strings" library="BuiltIn">
<arg>${name}</arg>
<arg>${act_resp_name}[0]</arg>
<doc>Fails if objects are unequal after converting them to strings.</doc>
<status status="PASS" starttime="20220606 08:54:51.151" endtime="20220606 08:54:51.151"/>
</kw>
<kw name="Should Be Equal As Strings" library="BuiltIn">
<arg>${exp_National_ID}</arg>
<arg>${act_resp_nationalID}[0]</arg>
<doc>Fails if objects are unequal after converting them to strings.</doc>
<status status="PASS" starttime="20220606 08:54:51.151" endtime="20220606 08:54:51.151"/>
</kw>
<kw name="Should Be Equal As Strings" library="BuiltIn">
<arg>${exp_calculated_taxRelief}</arg>
<arg>${act_resp_TaxRelief}[0]</arg>
<doc>Fails if objects are unequal after converting them to strings.</doc>
<status status="PASS" starttime="20220606 08:54:51.151" endtime="20220606 08:54:51.151"/>
</kw>
<kw name="Get Tax Relief Summary" library="Common_Keywords">
<var>${actual_resp_get_status_code}</var>
<var>${actual_resp_get_content}</var>
<kw name="GET On Session" library="RequestsLibrary">
<var>${resp_taxReliefsummary}</var>
<arg>Oppenheimer</arg>
<arg>/calculator/taxReliefSummary</arg>
<doc>Sends a GET request on a previously created HTTP Session.</doc>
<msg timestamp="20220606 08:54:51.151" level="INFO">GET Request : url=http://localhost:8080/calculator/taxReliefSummary 
 path_url=/calculator/taxReliefSummary 
 headers={'User-Agent': 'python-requests/2.27.1', 'Accept-Encoding': 'gzip, deflate', 'Accept': '*/*', 'Connection': 'keep-alive'} 
 body=None 
 </msg>
<msg timestamp="20220606 08:54:51.151" level="INFO">GET Response : url=http://localhost:8080/calculator/taxReliefSummary 
 status=200, reason= 
 headers={'Content-Type': 'application/json;charset=UTF-8', 'Transfer-Encoding': 'chunked', 'Date': 'Mon, 06 Jun 2022 00:54:50 GMT'} 
 body={"totalWorkingClassHeroes":"1","totalTaxReliefAmount":"50.00"} 
 </msg>
<msg timestamp="20220606 08:54:51.151" level="INFO">${resp_taxReliefsummary} = &lt;Response [200]&gt;</msg>
<status status="PASS" starttime="20220606 08:54:51.151" endtime="20220606 08:54:51.151"/>
</kw>
<msg timestamp="20220606 08:54:51.151" level="INFO">${actual_resp_get_status_code} = &lt;Response [200]&gt;</msg>
<msg timestamp="20220606 08:54:51.151" level="INFO">${actual_resp_get_content} = {"totalWorkingClassHeroes":"1","totalTaxReliefAmount":"50.00"}</msg>
<status status="PASS" starttime="20220606 08:54:51.151" endtime="20220606 08:54:51.151"/>
</kw>
<kw name="Get Value From Json" library="JSONLibrary">
<var>${act_resp_NoOfWorkingClassHeros}</var>
<arg>${actual_resp_get_status_code.json()}</arg>
<arg>$..totalWorkingClassHeroes</arg>
<doc>Get Value From JSON using JSONPath</doc>
<msg timestamp="20220606 08:54:51.166" level="INFO">${act_resp_NoOfWorkingClassHeros} = ['1']</msg>
<status status="PASS" starttime="20220606 08:54:51.151" endtime="20220606 08:54:51.166"/>
</kw>
<kw name="Get Value From Json" library="JSONLibrary">
<var>${act_resp_totalTaxRelief}</var>
<arg>${actual_resp_get_status_code.json()}</arg>
<arg>$..totalTaxReliefAmount</arg>
<doc>Get Value From JSON using JSONPath</doc>
<msg timestamp="20220606 08:54:51.182" level="INFO">${act_resp_totalTaxRelief} = ['50.00']</msg>
<status status="PASS" starttime="20220606 08:54:51.166" endtime="20220606 08:54:51.182"/>
</kw>
<kw name="Should Be Equal As Strings" library="BuiltIn">
<arg>${act_resp_NoOfWorkingClassHeros}[0]</arg>
<arg>1</arg>
<arg>Number Of Working Heros not matched</arg>
<doc>Fails if objects are unequal after converting them to strings.</doc>
<status status="PASS" starttime="20220606 08:54:51.182" endtime="20220606 08:54:51.182"/>
</kw>
<kw name="Should Be Equal As Strings" library="BuiltIn">
<arg>${exp_calculated_taxRelief}</arg>
<arg>${act_resp_totalTaxRelief}[0]</arg>
<doc>Fails if objects are unequal after converting them to strings.</doc>
<status status="PASS" starttime="20220606 08:54:51.182" endtime="20220606 08:54:51.182"/>
</kw>
<status status="PASS" starttime="20220606 08:54:51.098" endtime="20220606 08:54:51.182"/>
</branch>
<branch type="ELSE">
<kw name="Skip" library="BuiltIn">
<arg>test</arg>
<doc>Skips the rest of the current test.</doc>
<status status="NOT RUN" starttime="20220606 08:54:51.182" endtime="20220606 08:54:51.182"/>
</kw>
<status status="NOT RUN" starttime="20220606 08:54:51.182" endtime="20220606 08:54:51.182"/>
</branch>
<status status="PASS" starttime="20220606 08:54:51.098" endtime="20220606 08:54:51.182"/>
</if>
<status status="PASS" starttime="20220606 08:54:51.098" endtime="20220606 08:54:51.185"/>
</kw>
<tag>YES</tag>
<status status="PASS" starttime="20220606 08:54:51.096" endtime="20220606 08:54:51.185"/>
</test>
<test id="s1-s1-t3" name="create working class hero and validate tax relief calculation" line="18">
<kw name="create working class hero and get the tax relief">
<arg>YES</arg>
<arg>US04_VerifyTaxRelief_TC03</arg>
<arg>This testcase to verify the tax relief Amount for female whose Salary and Tax paid is zero</arg>
<arg>01012005</arg>
<arg>F</arg>
<arg>TestRecord 0403</arg>
<arg>Z123B789L</arg>
<arg>1</arg>
<arg>0.01</arg>
<arg>202</arg>
<arg>Alright</arg>
<if>
<branch type="IF" condition="'${run_tag}' == 'YES'">
<kw name="Set Variable" library="BuiltIn">
<var>${data}</var>
<arg>{"birthday":"${birthday}","gender":"${gender}","name":"${name}","natid":"${natid}","salary":"${salary}","tax":"${tax}"}</arg>
<doc>Returns the given values which can then be assigned to a variables.</doc>
<msg timestamp="20220606 08:54:51.185" level="INFO">${data} = {"birthday":"01012005","gender":"F","name":"TestRecord 0403","natid":"Z123B789L","salary":"1","tax":"0.01"}</msg>
<status status="PASS" starttime="20220606 08:54:51.185" endtime="20220606 08:54:51.185"/>
</kw>
<kw name="Delete all working class hero" library="Common_Keywords">
<kw name="POST On Session" library="RequestsLibrary">
<var>${resp_rakeDatabase}</var>
<arg>Oppenheimer</arg>
<arg>/calculator/rakeDatabase</arg>
<arg>expected_status=200</arg>
<doc>Sends a POST request on a previously created HTTP Session.</doc>
<msg timestamp="20220606 08:54:51.185" level="INFO">POST Request : url=http://localhost:8080/calculator/rakeDatabase 
 path_url=/calculator/rakeDatabase 
 headers={'User-Agent': 'python-requests/2.27.1', 'Accept-Encoding': 'gzip, deflate', 'Accept': '*/*', 'Connection': 'keep-alive', 'Content-Length': '0'} 
 body=None 
 </msg>
<msg timestamp="20220606 08:54:51.185" level="INFO">POST Response : url=http://localhost:8080/calculator/rakeDatabase 
 status=200, reason= 
 headers={'Content-Type': 'text/plain;charset=UTF-8', 'Content-Length': '21', 'Date': 'Mon, 06 Jun 2022 00:54:50 GMT'} 
 body=Successfully raked DB 
 </msg>
<msg timestamp="20220606 08:54:51.185" level="INFO">${resp_rakeDatabase} = &lt;Response [200]&gt;</msg>
<status status="PASS" starttime="20220606 08:54:51.185" endtime="20220606 08:54:51.185"/>
</kw>
<status status="PASS" starttime="20220606 08:54:51.185" endtime="20220606 08:54:51.185"/>
</kw>
<kw name="Trigger create working class hero API" library="Common_Keywords">
<var>${actual_resp_status_code}</var>
<var>${actual_resp_content}</var>
<arg>${data}</arg>
<kw name="Create Dictionary" library="BuiltIn">
<var>${headers}</var>
<arg>Content-Type</arg>
<arg>application/json</arg>
<doc>Creates and returns a dictionary based on the given ``items``.</doc>
<msg timestamp="20220606 08:54:51.185" level="INFO">${headers} = {'Content-Type': 'application/json'}</msg>
<status status="PASS" starttime="20220606 08:54:51.185" endtime="20220606 08:54:51.185"/>
</kw>
<kw name="POST On Session" library="RequestsLibrary">
<var>${resp_insertPerson}</var>
<arg>Oppenheimer</arg>
<arg>/calculator/insert</arg>
<arg>headers=${headers}</arg>
<arg>data=${data}</arg>
<arg>expected_status=anything</arg>
<doc>Sends a POST request on a previously created HTTP Session.</doc>
<msg timestamp="20220606 08:54:51.198" level="INFO">POST Request : url=http://localhost:8080/calculator/insert 
 path_url=/calculator/insert 
 headers={'User-Agent': 'python-requests/2.27.1', 'Accept-Encoding': 'gzip, deflate', 'Accept': '*/*', 'Connection': 'keep-alive', 'Content-Type': 'application/json', 'Content-Length': '107'} 
 body={"birthday":"01012005","gender":"F","name":"TestRecord 0403","natid":"Z123B789L","salary":"1","tax":"0.01"} 
 </msg>
<msg timestamp="20220606 08:54:51.198" level="INFO">POST Response : url=http://localhost:8080/calculator/insert 
 status=202, reason= 
 headers={'Content-Type': 'text/plain;charset=UTF-8', 'Content-Length': '7', 'Date': 'Mon, 06 Jun 2022 00:54:50 GMT'} 
 body=Alright 
 </msg>
<msg timestamp="20220606 08:54:51.198" level="INFO">${resp_insertPerson} = &lt;Response [202]&gt;</msg>
<status status="PASS" starttime="20220606 08:54:51.185" endtime="20220606 08:54:51.198"/>
</kw>
<msg timestamp="20220606 08:54:51.198" level="INFO">${actual_resp_status_code} = &lt;Response [202]&gt;</msg>
<msg timestamp="20220606 08:54:51.198" level="INFO">${actual_resp_content} = Alright</msg>
<status status="PASS" starttime="20220606 08:54:51.185" endtime="20220606 08:54:51.198"/>
</kw>
<kw name="Status Should Be" library="RequestsLibrary">
<arg>${expected_resp_code}</arg>
<arg>${actual_resp_status_code}</arg>
<doc>Fails if response status code is different than the expected.</doc>
<status status="PASS" starttime="20220606 08:54:51.198" endtime="20220606 08:54:51.198"/>
</kw>
<kw name="Should Be Equal As Strings" library="BuiltIn">
<arg>${expected_resp_content}</arg>
<arg>${actual_resp_content}</arg>
<doc>Fails if objects are unequal after converting them to strings.</doc>
<msg timestamp="20220606 08:54:51.198" level="INFO">Argument types are:
&lt;class 'str'&gt;
&lt;class 'bytes'&gt;</msg>
<status status="PASS" starttime="20220606 08:54:51.198" endtime="20220606 08:54:51.198"/>
</kw>
<kw name="Calculate Tax Relief" library="Common_Logic">
<var>${exp_calculated_taxRelief}</var>
<arg>${salary}</arg>
<arg>${tax}</arg>
<arg>${gender}</arg>
<arg>${birthday}</arg>
<msg timestamp="20220606 08:54:51.198" level="INFO">17
17
17
500.99</msg>
<msg timestamp="20220606 08:54:51.198" level="INFO">${exp_calculated_taxRelief} = 500.99</msg>
<status status="PASS" starttime="20220606 08:54:51.198" endtime="20220606 08:54:51.198"/>
</kw>
<kw name="Generate Mask Nationalid" library="Common_Logic">
<var>${exp_National_ID}</var>
<arg>${natid}</arg>
<msg timestamp="20220606 08:54:51.198" level="INFO">${exp_National_ID} = Z123$$$$$</msg>
<status status="PASS" starttime="20220606 08:54:51.198" endtime="20220606 08:54:51.198"/>
</kw>
<kw name="Get Tax Relief" library="Common_Keywords">
<var>${actual_resp_get_status_code}</var>
<var>${actual_resp_get_content}</var>
<kw name="GET On Session" library="RequestsLibrary">
<var>${resp_taxRelief}</var>
<arg>Oppenheimer</arg>
<arg>/calculator/taxRelief</arg>
<doc>Sends a GET request on a previously created HTTP Session.</doc>
<msg timestamp="20220606 08:54:51.198" level="INFO">GET Request : url=http://localhost:8080/calculator/taxRelief 
 path_url=/calculator/taxRelief 
 headers={'User-Agent': 'python-requests/2.27.1', 'Accept-Encoding': 'gzip, deflate', 'Accept': '*/*', 'Connection': 'keep-alive'} 
 body=None 
 </msg>
<msg timestamp="20220606 08:54:51.198" level="INFO">GET Response : url=http://localhost:8080/calculator/taxRelief 
 status=200, reason= 
 headers={'Content-Type': 'application/json;charset=UTF-8', 'Transfer-Encoding': 'chunked', 'Date': 'Mon, 06 Jun 2022 00:54:50 GMT'} 
 body=[{"natid":"Z123$$$$$","name":"TestRecord 0403","relief":"500.99"}] 
 </msg>
<msg timestamp="20220606 08:54:51.198" level="INFO">${resp_taxRelief} = &lt;Response [200]&gt;</msg>
<status status="PASS" starttime="20220606 08:54:51.198" endtime="20220606 08:54:51.198"/>
</kw>
<msg timestamp="20220606 08:54:51.198" level="INFO">${actual_resp_get_status_code} = &lt;Response [200]&gt;</msg>
<msg timestamp="20220606 08:54:51.198" level="INFO">${actual_resp_get_content} = [{"natid":"Z123$$$$$","name":"TestRecord 0403","relief":"500.99"}]</msg>
<status status="PASS" starttime="20220606 08:54:51.198" endtime="20220606 08:54:51.198"/>
</kw>
<kw name="Get Value From Json" library="JSONLibrary">
<var>${act_resp_name}</var>
<arg>${actual_resp_get_status_code.json()}</arg>
<arg>$..name</arg>
<doc>Get Value From JSON using JSONPath</doc>
<msg timestamp="20220606 08:54:51.214" level="INFO">${act_resp_name} = ['TestRecord 0403']</msg>
<status status="PASS" starttime="20220606 08:54:51.198" endtime="20220606 08:54:51.214"/>
</kw>
<kw name="Get Value From Json" library="JSONLibrary">
<var>${act_resp_nationalID}</var>
<arg>${actual_resp_get_status_code.json()}</arg>
<arg>$..natid</arg>
<doc>Get Value From JSON using JSONPath</doc>
<msg timestamp="20220606 08:54:51.230" level="INFO">${act_resp_nationalID} = ['Z123$$$$$']</msg>
<status status="PASS" starttime="20220606 08:54:51.214" endtime="20220606 08:54:51.230"/>
</kw>
<kw name="Get Value From Json" library="JSONLibrary">
<var>${act_resp_TaxRelief}</var>
<arg>${actual_resp_get_status_code.json()}</arg>
<arg>$..relief</arg>
<doc>Get Value From JSON using JSONPath</doc>
<msg timestamp="20220606 08:54:51.230" level="INFO">${act_resp_TaxRelief} = ['500.99']</msg>
<status status="PASS" starttime="20220606 08:54:51.230" endtime="20220606 08:54:51.230"/>
</kw>
<kw name="Should Be Equal As Strings" library="BuiltIn">
<arg>${name}</arg>
<arg>${act_resp_name}[0]</arg>
<doc>Fails if objects are unequal after converting them to strings.</doc>
<status status="PASS" starttime="20220606 08:54:51.230" endtime="20220606 08:54:51.230"/>
</kw>
<kw name="Should Be Equal As Strings" library="BuiltIn">
<arg>${exp_National_ID}</arg>
<arg>${act_resp_nationalID}[0]</arg>
<doc>Fails if objects are unequal after converting them to strings.</doc>
<status status="PASS" starttime="20220606 08:54:51.230" endtime="20220606 08:54:51.230"/>
</kw>
<kw name="Should Be Equal As Strings" library="BuiltIn">
<arg>${exp_calculated_taxRelief}</arg>
<arg>${act_resp_TaxRelief}[0]</arg>
<doc>Fails if objects are unequal after converting them to strings.</doc>
<status status="PASS" starttime="20220606 08:54:51.230" endtime="20220606 08:54:51.230"/>
</kw>
<kw name="Get Tax Relief Summary" library="Common_Keywords">
<var>${actual_resp_get_status_code}</var>
<var>${actual_resp_get_content}</var>
<kw name="GET On Session" library="RequestsLibrary">
<var>${resp_taxReliefsummary}</var>
<arg>Oppenheimer</arg>
<arg>/calculator/taxReliefSummary</arg>
<doc>Sends a GET request on a previously created HTTP Session.</doc>
<msg timestamp="20220606 08:54:51.245" level="INFO">GET Request : url=http://localhost:8080/calculator/taxReliefSummary 
 path_url=/calculator/taxReliefSummary 
 headers={'User-Agent': 'python-requests/2.27.1', 'Accept-Encoding': 'gzip, deflate', 'Accept': '*/*', 'Connection': 'keep-alive'} 
 body=None 
 </msg>
<msg timestamp="20220606 08:54:51.245" level="INFO">GET Response : url=http://localhost:8080/calculator/taxReliefSummary 
 status=200, reason= 
 headers={'Content-Type': 'application/json;charset=UTF-8', 'Transfer-Encoding': 'chunked', 'Date': 'Mon, 06 Jun 2022 00:54:50 GMT'} 
 body={"totalWorkingClassHeroes":"1","totalTaxReliefAmount":"500.99"} 
 </msg>
<msg timestamp="20220606 08:54:51.245" level="INFO">${resp_taxReliefsummary} = &lt;Response [200]&gt;</msg>
<status status="PASS" starttime="20220606 08:54:51.230" endtime="20220606 08:54:51.245"/>
</kw>
<msg timestamp="20220606 08:54:51.245" level="INFO">${actual_resp_get_status_code} = &lt;Response [200]&gt;</msg>
<msg timestamp="20220606 08:54:51.245" level="INFO">${actual_resp_get_content} = {"totalWorkingClassHeroes":"1","totalTaxReliefAmount":"500.99"}</msg>
<status status="PASS" starttime="20220606 08:54:51.230" endtime="20220606 08:54:51.245"/>
</kw>
<kw name="Get Value From Json" library="JSONLibrary">
<var>${act_resp_NoOfWorkingClassHeros}</var>
<arg>${actual_resp_get_status_code.json()}</arg>
<arg>$..totalWorkingClassHeroes</arg>
<doc>Get Value From JSON using JSONPath</doc>
<msg timestamp="20220606 08:54:51.261" level="INFO">${act_resp_NoOfWorkingClassHeros} = ['1']</msg>
<status status="PASS" starttime="20220606 08:54:51.245" endtime="20220606 08:54:51.261"/>
</kw>
<kw name="Get Value From Json" library="JSONLibrary">
<var>${act_resp_totalTaxRelief}</var>
<arg>${actual_resp_get_status_code.json()}</arg>
<arg>$..totalTaxReliefAmount</arg>
<doc>Get Value From JSON using JSONPath</doc>
<msg timestamp="20220606 08:54:51.276" level="INFO">${act_resp_totalTaxRelief} = ['500.99']</msg>
<status status="PASS" starttime="20220606 08:54:51.261" endtime="20220606 08:54:51.276"/>
</kw>
<kw name="Should Be Equal As Strings" library="BuiltIn">
<arg>${act_resp_NoOfWorkingClassHeros}[0]</arg>
<arg>1</arg>
<arg>Number Of Working Heros not matched</arg>
<doc>Fails if objects are unequal after converting them to strings.</doc>
<status status="PASS" starttime="20220606 08:54:51.276" endtime="20220606 08:54:51.276"/>
</kw>
<kw name="Should Be Equal As Strings" library="BuiltIn">
<arg>${exp_calculated_taxRelief}</arg>
<arg>${act_resp_totalTaxRelief}[0]</arg>
<doc>Fails if objects are unequal after converting them to strings.</doc>
<status status="PASS" starttime="20220606 08:54:51.276" endtime="20220606 08:54:51.276"/>
</kw>
<status status="PASS" starttime="20220606 08:54:51.185" endtime="20220606 08:54:51.276"/>
</branch>
<branch type="ELSE">
<kw name="Skip" library="BuiltIn">
<arg>test</arg>
<doc>Skips the rest of the current test.</doc>
<status status="NOT RUN" starttime="20220606 08:54:51.276" endtime="20220606 08:54:51.276"/>
</kw>
<status status="NOT RUN" starttime="20220606 08:54:51.276" endtime="20220606 08:54:51.276"/>
</branch>
<status status="PASS" starttime="20220606 08:54:51.185" endtime="20220606 08:54:51.276"/>
</if>
<status status="PASS" starttime="20220606 08:54:51.185" endtime="20220606 08:54:51.276"/>
</kw>
<tag>YES</tag>
<status status="PASS" starttime="20220606 08:54:51.185" endtime="20220606 08:54:51.276"/>
</test>
<test id="s1-s1-t4" name="create working class hero and validate tax relief calculation" line="18">
<kw name="create working class hero and get the tax relief">
<arg>YES</arg>
<arg>US04_VerifyTaxRelief_TC04</arg>
<arg>This testcase to verify the tax relief for a person who is Male and Age 17 years</arg>
<arg>01012005</arg>
<arg>m</arg>
<arg>TestRecord 0404</arg>
<arg>A123B789Z</arg>
<arg>1234567.89</arg>
<arg>820</arg>
<arg>202</arg>
<arg>Alright</arg>
<if>
<branch type="IF" condition="'${run_tag}' == 'YES'">
<kw name="Set Variable" library="BuiltIn">
<var>${data}</var>
<arg>{"birthday":"${birthday}","gender":"${gender}","name":"${name}","natid":"${natid}","salary":"${salary}","tax":"${tax}"}</arg>
<doc>Returns the given values which can then be assigned to a variables.</doc>
<msg timestamp="20220606 08:54:51.285" level="INFO">${data} = {"birthday":"01012005","gender":"m","name":"TestRecord 0404","natid":"A123B789Z","salary":"1234567.89","tax":"820"}</msg>
<status status="PASS" starttime="20220606 08:54:51.285" endtime="20220606 08:54:51.285"/>
</kw>
<kw name="Delete all working class hero" library="Common_Keywords">
<kw name="POST On Session" library="RequestsLibrary">
<var>${resp_rakeDatabase}</var>
<arg>Oppenheimer</arg>
<arg>/calculator/rakeDatabase</arg>
<arg>expected_status=200</arg>
<doc>Sends a POST request on a previously created HTTP Session.</doc>
<msg timestamp="20220606 08:54:51.285" level="INFO">POST Request : url=http://localhost:8080/calculator/rakeDatabase 
 path_url=/calculator/rakeDatabase 
 headers={'User-Agent': 'python-requests/2.27.1', 'Accept-Encoding': 'gzip, deflate', 'Accept': '*/*', 'Connection': 'keep-alive', 'Content-Length': '0'} 
 body=None 
 </msg>
<msg timestamp="20220606 08:54:51.285" level="INFO">POST Response : url=http://localhost:8080/calculator/rakeDatabase 
 status=200, reason= 
 headers={'Content-Type': 'text/plain;charset=UTF-8', 'Content-Length': '21', 'Date': 'Mon, 06 Jun 2022 00:54:50 GMT'} 
 body=Successfully raked DB 
 </msg>
<msg timestamp="20220606 08:54:51.285" level="INFO">${resp_rakeDatabase} = &lt;Response [200]&gt;</msg>
<status status="PASS" starttime="20220606 08:54:51.285" endtime="20220606 08:54:51.285"/>
</kw>
<status status="PASS" starttime="20220606 08:54:51.285" endtime="20220606 08:54:51.285"/>
</kw>
<kw name="Trigger create working class hero API" library="Common_Keywords">
<var>${actual_resp_status_code}</var>
<var>${actual_resp_content}</var>
<arg>${data}</arg>
<kw name="Create Dictionary" library="BuiltIn">
<var>${headers}</var>
<arg>Content-Type</arg>
<arg>application/json</arg>
<doc>Creates and returns a dictionary based on the given ``items``.</doc>
<msg timestamp="20220606 08:54:51.285" level="INFO">${headers} = {'Content-Type': 'application/json'}</msg>
<status status="PASS" starttime="20220606 08:54:51.285" endtime="20220606 08:54:51.285"/>
</kw>
<kw name="POST On Session" library="RequestsLibrary">
<var>${resp_insertPerson}</var>
<arg>Oppenheimer</arg>
<arg>/calculator/insert</arg>
<arg>headers=${headers}</arg>
<arg>data=${data}</arg>
<arg>expected_status=anything</arg>
<doc>Sends a POST request on a previously created HTTP Session.</doc>
<msg timestamp="20220606 08:54:51.293" level="INFO">POST Request : url=http://localhost:8080/calculator/insert 
 path_url=/calculator/insert 
 headers={'User-Agent': 'python-requests/2.27.1', 'Accept-Encoding': 'gzip, deflate', 'Accept': '*/*', 'Connection': 'keep-alive', 'Content-Type': 'application/json', 'Content-Length': '115'} 
 body={"birthday":"01012005","gender":"m","name":"TestRecord 0404","natid":"A123B789Z","salary":"1234567.89","tax":"820"} 
 </msg>
<msg timestamp="20220606 08:54:51.293" level="INFO">POST Response : url=http://localhost:8080/calculator/insert 
 status=202, reason= 
 headers={'Content-Type': 'text/plain;charset=UTF-8', 'Content-Length': '7', 'Date': 'Mon, 06 Jun 2022 00:54:50 GMT'} 
 body=Alright 
 </msg>
<msg timestamp="20220606 08:54:51.293" level="INFO">${resp_insertPerson} = &lt;Response [202]&gt;</msg>
<status status="PASS" starttime="20220606 08:54:51.285" endtime="20220606 08:54:51.293"/>
</kw>
<msg timestamp="20220606 08:54:51.293" level="INFO">${actual_resp_status_code} = &lt;Response [202]&gt;</msg>
<msg timestamp="20220606 08:54:51.293" level="INFO">${actual_resp_content} = Alright</msg>
<status status="PASS" starttime="20220606 08:54:51.285" endtime="20220606 08:54:51.293"/>
</kw>
<kw name="Status Should Be" library="RequestsLibrary">
<arg>${expected_resp_code}</arg>
<arg>${actual_resp_status_code}</arg>
<doc>Fails if response status code is different than the expected.</doc>
<status status="PASS" starttime="20220606 08:54:51.293" endtime="20220606 08:54:51.293"/>
</kw>
<kw name="Should Be Equal As Strings" library="BuiltIn">
<arg>${expected_resp_content}</arg>
<arg>${actual_resp_content}</arg>
<doc>Fails if objects are unequal after converting them to strings.</doc>
<msg timestamp="20220606 08:54:51.293" level="INFO">Argument types are:
&lt;class 'str'&gt;
&lt;class 'bytes'&gt;</msg>
<status status="PASS" starttime="20220606 08:54:51.293" endtime="20220606 08:54:51.293"/>
</kw>
<kw name="Calculate Tax Relief" library="Common_Logic">
<var>${exp_calculated_taxRelief}</var>
<arg>${salary}</arg>
<arg>${tax}</arg>
<arg>${gender}</arg>
<arg>${birthday}</arg>
<msg timestamp="20220606 08:54:51.293" level="INFO">17
17
17
1233748.00</msg>
<msg timestamp="20220606 08:54:51.293" level="INFO">${exp_calculated_taxRelief} = 1233748.00</msg>
<status status="PASS" starttime="20220606 08:54:51.293" endtime="20220606 08:54:51.293"/>
</kw>
<kw name="Generate Mask Nationalid" library="Common_Logic">
<var>${exp_National_ID}</var>
<arg>${natid}</arg>
<msg timestamp="20220606 08:54:51.293" level="INFO">${exp_National_ID} = A123$$$$$</msg>
<status status="PASS" starttime="20220606 08:54:51.293" endtime="20220606 08:54:51.293"/>
</kw>
<kw name="Get Tax Relief" library="Common_Keywords">
<var>${actual_resp_get_status_code}</var>
<var>${actual_resp_get_content}</var>
<kw name="GET On Session" library="RequestsLibrary">
<var>${resp_taxRelief}</var>
<arg>Oppenheimer</arg>
<arg>/calculator/taxRelief</arg>
<doc>Sends a GET request on a previously created HTTP Session.</doc>
<msg timestamp="20220606 08:54:51.293" level="INFO">GET Request : url=http://localhost:8080/calculator/taxRelief 
 path_url=/calculator/taxRelief 
 headers={'User-Agent': 'python-requests/2.27.1', 'Accept-Encoding': 'gzip, deflate', 'Accept': '*/*', 'Connection': 'keep-alive'} 
 body=None 
 </msg>
<msg timestamp="20220606 08:54:51.293" level="INFO">GET Response : url=http://localhost:8080/calculator/taxRelief 
 status=200, reason= 
 headers={'Content-Type': 'application/json;charset=UTF-8', 'Transfer-Encoding': 'chunked', 'Date': 'Mon, 06 Jun 2022 00:54:50 GMT'} 
 body=[{"natid":"A123$$$$$","name":"TestRecord 0404","relief":"1233747.89"}] 
 </msg>
<msg timestamp="20220606 08:54:51.293" level="INFO">${resp_taxRelief} = &lt;Response [200]&gt;</msg>
<status status="PASS" starttime="20220606 08:54:51.293" endtime="20220606 08:54:51.293"/>
</kw>
<msg timestamp="20220606 08:54:51.293" level="INFO">${actual_resp_get_status_code} = &lt;Response [200]&gt;</msg>
<msg timestamp="20220606 08:54:51.293" level="INFO">${actual_resp_get_content} = [{"natid":"A123$$$$$","name":"TestRecord 0404","relief":"1233747.89"}]</msg>
<status status="PASS" starttime="20220606 08:54:51.293" endtime="20220606 08:54:51.293"/>
</kw>
<kw name="Get Value From Json" library="JSONLibrary">
<var>${act_resp_name}</var>
<arg>${actual_resp_get_status_code.json()}</arg>
<arg>$..name</arg>
<doc>Get Value From JSON using JSONPath</doc>
<msg timestamp="20220606 08:54:51.309" level="INFO">${act_resp_name} = ['TestRecord 0404']</msg>
<status status="PASS" starttime="20220606 08:54:51.293" endtime="20220606 08:54:51.309"/>
</kw>
<kw name="Get Value From Json" library="JSONLibrary">
<var>${act_resp_nationalID}</var>
<arg>${actual_resp_get_status_code.json()}</arg>
<arg>$..natid</arg>
<doc>Get Value From JSON using JSONPath</doc>
<msg timestamp="20220606 08:54:51.325" level="INFO">${act_resp_nationalID} = ['A123$$$$$']</msg>
<status status="PASS" starttime="20220606 08:54:51.309" endtime="20220606 08:54:51.325"/>
</kw>
<kw name="Get Value From Json" library="JSONLibrary">
<var>${act_resp_TaxRelief}</var>
<arg>${actual_resp_get_status_code.json()}</arg>
<arg>$..relief</arg>
<doc>Get Value From JSON using JSONPath</doc>
<msg timestamp="20220606 08:54:51.325" level="INFO">${act_resp_TaxRelief} = ['1233747.89']</msg>
<status status="PASS" starttime="20220606 08:54:51.325" endtime="20220606 08:54:51.325"/>
</kw>
<kw name="Should Be Equal As Strings" library="BuiltIn">
<arg>${name}</arg>
<arg>${act_resp_name}[0]</arg>
<doc>Fails if objects are unequal after converting them to strings.</doc>
<status status="PASS" starttime="20220606 08:54:51.325" endtime="20220606 08:54:51.325"/>
</kw>
<kw name="Should Be Equal As Strings" library="BuiltIn">
<arg>${exp_National_ID}</arg>
<arg>${act_resp_nationalID}[0]</arg>
<doc>Fails if objects are unequal after converting them to strings.</doc>
<status status="PASS" starttime="20220606 08:54:51.325" endtime="20220606 08:54:51.325"/>
</kw>
<kw name="Should Be Equal As Strings" library="BuiltIn">
<arg>${exp_calculated_taxRelief}</arg>
<arg>${act_resp_TaxRelief}[0]</arg>
<doc>Fails if objects are unequal after converting them to strings.</doc>
<msg timestamp="20220606 08:54:51.325" level="FAIL">1233748.00 != 1233747.89</msg>
<status status="FAIL" starttime="20220606 08:54:51.325" endtime="20220606 08:54:51.325"/>
</kw>
<kw name="Get Tax Relief Summary" library="Common_Keywords">
<var>${actual_resp_get_status_code}</var>
<var>${actual_resp_get_content}</var>
<status status="NOT RUN" starttime="20220606 08:54:51.325" endtime="20220606 08:54:51.325"/>
</kw>
<kw name="Get Value From Json" library="JSONLibrary">
<var>${act_resp_NoOfWorkingClassHeros}</var>
<arg>${actual_resp_get_status_code.json()}</arg>
<arg>$..totalWorkingClassHeroes</arg>
<doc>Get Value From JSON using JSONPath</doc>
<status status="NOT RUN" starttime="20220606 08:54:51.325" endtime="20220606 08:54:51.325"/>
</kw>
<kw name="Get Value From Json" library="JSONLibrary">
<var>${act_resp_totalTaxRelief}</var>
<arg>${actual_resp_get_status_code.json()}</arg>
<arg>$..totalTaxReliefAmount</arg>
<doc>Get Value From JSON using JSONPath</doc>
<status status="NOT RUN" starttime="20220606 08:54:51.325" endtime="20220606 08:54:51.325"/>
</kw>
<kw name="Should Be Equal As Strings" library="BuiltIn">
<arg>${act_resp_NoOfWorkingClassHeros}[0]</arg>
<arg>1</arg>
<arg>Number Of Working Heros not matched</arg>
<doc>Fails if objects are unequal after converting them to strings.</doc>
<status status="NOT RUN" starttime="20220606 08:54:51.325" endtime="20220606 08:54:51.325"/>
</kw>
<kw name="Should Be Equal As Strings" library="BuiltIn">
<arg>${exp_calculated_taxRelief}</arg>
<arg>${act_resp_totalTaxRelief}[0]</arg>
<doc>Fails if objects are unequal after converting them to strings.</doc>
<status status="NOT RUN" starttime="20220606 08:54:51.325" endtime="20220606 08:54:51.325"/>
</kw>
<status status="FAIL" starttime="20220606 08:54:51.285" endtime="20220606 08:54:51.325"/>
</branch>
<branch type="ELSE">
<kw name="Skip" library="BuiltIn">
<arg>test</arg>
<doc>Skips the rest of the current test.</doc>
<status status="NOT RUN" starttime="20220606 08:54:51.325" endtime="20220606 08:54:51.340"/>
</kw>
<status status="NOT RUN" starttime="20220606 08:54:51.325" endtime="20220606 08:54:51.340"/>
</branch>
<status status="FAIL" starttime="20220606 08:54:51.285" endtime="20220606 08:54:51.340"/>
</if>
<status status="FAIL" starttime="20220606 08:54:51.276" endtime="20220606 08:54:51.340"/>
</kw>
<tag>YES</tag>
<status status="FAIL" starttime="20220606 08:54:51.276" endtime="20220606 08:54:51.340">1233748.00 != 1233747.89</status>
</test>
<test id="s1-s1-t5" name="create working class hero and validate tax relief calculation" line="18">
<kw name="create working class hero and get the tax relief">
<arg>YES</arg>
<arg>US04_VerifyTaxRelief_TC05</arg>
<arg>This testcase to verify the tax relief for a person who is Male and Age 18 years</arg>
<arg>30092003</arg>
<arg>m</arg>
<arg>TestRecord 0405</arg>
<arg>B123l789Y</arg>
<arg>200000</arg>
<arg>1500.23</arg>
<arg>202</arg>
<arg>Alright</arg>
<if>
<branch type="IF" condition="'${run_tag}' == 'YES'">
<kw name="Set Variable" library="BuiltIn">
<var>${data}</var>
<arg>{"birthday":"${birthday}","gender":"${gender}","name":"${name}","natid":"${natid}","salary":"${salary}","tax":"${tax}"}</arg>
<doc>Returns the given values which can then be assigned to a variables.</doc>
<msg timestamp="20220606 08:54:51.340" level="INFO">${data} = {"birthday":"30092003","gender":"m","name":"TestRecord 0405","natid":"B123l789Y","salary":"200000","tax":"1500.23"}</msg>
<status status="PASS" starttime="20220606 08:54:51.340" endtime="20220606 08:54:51.340"/>
</kw>
<kw name="Delete all working class hero" library="Common_Keywords">
<kw name="POST On Session" library="RequestsLibrary">
<var>${resp_rakeDatabase}</var>
<arg>Oppenheimer</arg>
<arg>/calculator/rakeDatabase</arg>
<arg>expected_status=200</arg>
<doc>Sends a POST request on a previously created HTTP Session.</doc>
<msg timestamp="20220606 08:54:51.340" level="INFO">POST Request : url=http://localhost:8080/calculator/rakeDatabase 
 path_url=/calculator/rakeDatabase 
 headers={'User-Agent': 'python-requests/2.27.1', 'Accept-Encoding': 'gzip, deflate', 'Accept': '*/*', 'Connection': 'keep-alive', 'Content-Length': '0'} 
 body=None 
 </msg>
<msg timestamp="20220606 08:54:51.340" level="INFO">POST Response : url=http://localhost:8080/calculator/rakeDatabase 
 status=200, reason= 
 headers={'Content-Type': 'text/plain;charset=UTF-8', 'Content-Length': '21', 'Date': 'Mon, 06 Jun 2022 00:54:50 GMT'} 
 body=Successfully raked DB 
 </msg>
<msg timestamp="20220606 08:54:51.340" level="INFO">${resp_rakeDatabase} = &lt;Response [200]&gt;</msg>
<status status="PASS" starttime="20220606 08:54:51.340" endtime="20220606 08:54:51.340"/>
</kw>
<status status="PASS" starttime="20220606 08:54:51.340" endtime="20220606 08:54:51.340"/>
</kw>
<kw name="Trigger create working class hero API" library="Common_Keywords">
<var>${actual_resp_status_code}</var>
<var>${actual_resp_content}</var>
<arg>${data}</arg>
<kw name="Create Dictionary" library="BuiltIn">
<var>${headers}</var>
<arg>Content-Type</arg>
<arg>application/json</arg>
<doc>Creates and returns a dictionary based on the given ``items``.</doc>
<msg timestamp="20220606 08:54:51.340" level="INFO">${headers} = {'Content-Type': 'application/json'}</msg>
<status status="PASS" starttime="20220606 08:54:51.340" endtime="20220606 08:54:51.340"/>
</kw>
<kw name="POST On Session" library="RequestsLibrary">
<var>${resp_insertPerson}</var>
<arg>Oppenheimer</arg>
<arg>/calculator/insert</arg>
<arg>headers=${headers}</arg>
<arg>data=${data}</arg>
<arg>expected_status=anything</arg>
<doc>Sends a POST request on a previously created HTTP Session.</doc>
<msg timestamp="20220606 08:54:51.356" level="INFO">POST Request : url=http://localhost:8080/calculator/insert 
 path_url=/calculator/insert 
 headers={'User-Agent': 'python-requests/2.27.1', 'Accept-Encoding': 'gzip, deflate', 'Accept': '*/*', 'Connection': 'keep-alive', 'Content-Type': 'application/json', 'Content-Length': '115'} 
 body={"birthday":"30092003","gender":"m","name":"TestRecord 0405","natid":"B123l789Y","salary":"200000","tax":"1500.23"} 
 </msg>
<msg timestamp="20220606 08:54:51.356" level="INFO">POST Response : url=http://localhost:8080/calculator/insert 
 status=202, reason= 
 headers={'Content-Type': 'text/plain;charset=UTF-8', 'Content-Length': '7', 'Date': 'Mon, 06 Jun 2022 00:54:50 GMT'} 
 body=Alright 
 </msg>
<msg timestamp="20220606 08:54:51.356" level="INFO">${resp_insertPerson} = &lt;Response [202]&gt;</msg>
<status status="PASS" starttime="20220606 08:54:51.340" endtime="20220606 08:54:51.356"/>
</kw>
<msg timestamp="20220606 08:54:51.356" level="INFO">${actual_resp_status_code} = &lt;Response [202]&gt;</msg>
<msg timestamp="20220606 08:54:51.356" level="INFO">${actual_resp_content} = Alright</msg>
<status status="PASS" starttime="20220606 08:54:51.340" endtime="20220606 08:54:51.356"/>
</kw>
<kw name="Status Should Be" library="RequestsLibrary">
<arg>${expected_resp_code}</arg>
<arg>${actual_resp_status_code}</arg>
<doc>Fails if response status code is different than the expected.</doc>
<status status="PASS" starttime="20220606 08:54:51.356" endtime="20220606 08:54:51.356"/>
</kw>
<kw name="Should Be Equal As Strings" library="BuiltIn">
<arg>${expected_resp_content}</arg>
<arg>${actual_resp_content}</arg>
<doc>Fails if objects are unequal after converting them to strings.</doc>
<msg timestamp="20220606 08:54:51.356" level="INFO">Argument types are:
&lt;class 'str'&gt;
&lt;class 'bytes'&gt;</msg>
<status status="PASS" starttime="20220606 08:54:51.356" endtime="20220606 08:54:51.356"/>
</kw>
<kw name="Calculate Tax Relief" library="Common_Logic">
<var>${exp_calculated_taxRelief}</var>
<arg>${salary}</arg>
<arg>${tax}</arg>
<arg>${gender}</arg>
<arg>${birthday}</arg>
<msg timestamp="20220606 08:54:51.356" level="INFO">18
18
18
198499.77</msg>
<msg timestamp="20220606 08:54:51.356" level="INFO">${exp_calculated_taxRelief} = 198499.77</msg>
<status status="PASS" starttime="20220606 08:54:51.356" endtime="20220606 08:54:51.356"/>
</kw>
<kw name="Generate Mask Nationalid" library="Common_Logic">
<var>${exp_National_ID}</var>
<arg>${natid}</arg>
<msg timestamp="20220606 08:54:51.356" level="INFO">${exp_National_ID} = B123$$$$$</msg>
<status status="PASS" starttime="20220606 08:54:51.356" endtime="20220606 08:54:51.356"/>
</kw>
<kw name="Get Tax Relief" library="Common_Keywords">
<var>${actual_resp_get_status_code}</var>
<var>${actual_resp_get_content}</var>
<kw name="GET On Session" library="RequestsLibrary">
<var>${resp_taxRelief}</var>
<arg>Oppenheimer</arg>
<arg>/calculator/taxRelief</arg>
<doc>Sends a GET request on a previously created HTTP Session.</doc>
<msg timestamp="20220606 08:54:51.356" level="INFO">GET Request : url=http://localhost:8080/calculator/taxRelief 
 path_url=/calculator/taxRelief 
 headers={'User-Agent': 'python-requests/2.27.1', 'Accept-Encoding': 'gzip, deflate', 'Accept': '*/*', 'Connection': 'keep-alive'} 
 body=None 
 </msg>
<msg timestamp="20220606 08:54:51.356" level="INFO">GET Response : url=http://localhost:8080/calculator/taxRelief 
 status=200, reason= 
 headers={'Content-Type': 'application/json;charset=UTF-8', 'Transfer-Encoding': 'chunked', 'Date': 'Mon, 06 Jun 2022 00:54:50 GMT'} 
 body=[{"natid":"B123$$$$$","name":"TestRecord 0405","relief":"198499.77"}] 
 </msg>
<msg timestamp="20220606 08:54:51.356" level="INFO">${resp_taxRelief} = &lt;Response [200]&gt;</msg>
<status status="PASS" starttime="20220606 08:54:51.356" endtime="20220606 08:54:51.356"/>
</kw>
<msg timestamp="20220606 08:54:51.356" level="INFO">${actual_resp_get_status_code} = &lt;Response [200]&gt;</msg>
<msg timestamp="20220606 08:54:51.356" level="INFO">${actual_resp_get_content} = [{"natid":"B123$$$$$","name":"TestRecord 0405","relief":"198499.77"}]</msg>
<status status="PASS" starttime="20220606 08:54:51.356" endtime="20220606 08:54:51.356"/>
</kw>
<kw name="Get Value From Json" library="JSONLibrary">
<var>${act_resp_name}</var>
<arg>${actual_resp_get_status_code.json()}</arg>
<arg>$..name</arg>
<doc>Get Value From JSON using JSONPath</doc>
<msg timestamp="20220606 08:54:51.371" level="INFO">${act_resp_name} = ['TestRecord 0405']</msg>
<status status="PASS" starttime="20220606 08:54:51.356" endtime="20220606 08:54:51.371"/>
</kw>
<kw name="Get Value From Json" library="JSONLibrary">
<var>${act_resp_nationalID}</var>
<arg>${actual_resp_get_status_code.json()}</arg>
<arg>$..natid</arg>
<doc>Get Value From JSON using JSONPath</doc>
<msg timestamp="20220606 08:54:51.388" level="INFO">${act_resp_nationalID} = ['B123$$$$$']</msg>
<status status="PASS" starttime="20220606 08:54:51.371" endtime="20220606 08:54:51.388"/>
</kw>
<kw name="Get Value From Json" library="JSONLibrary">
<var>${act_resp_TaxRelief}</var>
<arg>${actual_resp_get_status_code.json()}</arg>
<arg>$..relief</arg>
<doc>Get Value From JSON using JSONPath</doc>
<msg timestamp="20220606 08:54:51.388" level="INFO">${act_resp_TaxRelief} = ['198499.77']</msg>
<status status="PASS" starttime="20220606 08:54:51.388" endtime="20220606 08:54:51.388"/>
</kw>
<kw name="Should Be Equal As Strings" library="BuiltIn">
<arg>${name}</arg>
<arg>${act_resp_name}[0]</arg>
<doc>Fails if objects are unequal after converting them to strings.</doc>
<status status="PASS" starttime="20220606 08:54:51.388" endtime="20220606 08:54:51.388"/>
</kw>
<kw name="Should Be Equal As Strings" library="BuiltIn">
<arg>${exp_National_ID}</arg>
<arg>${act_resp_nationalID}[0]</arg>
<doc>Fails if objects are unequal after converting them to strings.</doc>
<status status="PASS" starttime="20220606 08:54:51.388" endtime="20220606 08:54:51.388"/>
</kw>
<kw name="Should Be Equal As Strings" library="BuiltIn">
<arg>${exp_calculated_taxRelief}</arg>
<arg>${act_resp_TaxRelief}[0]</arg>
<doc>Fails if objects are unequal after converting them to strings.</doc>
<status status="PASS" starttime="20220606 08:54:51.388" endtime="20220606 08:54:51.388"/>
</kw>
<kw name="Get Tax Relief Summary" library="Common_Keywords">
<var>${actual_resp_get_status_code}</var>
<var>${actual_resp_get_content}</var>
<kw name="GET On Session" library="RequestsLibrary">
<var>${resp_taxReliefsummary}</var>
<arg>Oppenheimer</arg>
<arg>/calculator/taxReliefSummary</arg>
<doc>Sends a GET request on a previously created HTTP Session.</doc>
<msg timestamp="20220606 08:54:51.407" level="INFO">GET Request : url=http://localhost:8080/calculator/taxReliefSummary 
 path_url=/calculator/taxReliefSummary 
 headers={'User-Agent': 'python-requests/2.27.1', 'Accept-Encoding': 'gzip, deflate', 'Accept': '*/*', 'Connection': 'keep-alive'} 
 body=None 
 </msg>
<msg timestamp="20220606 08:54:51.407" level="INFO">GET Response : url=http://localhost:8080/calculator/taxReliefSummary 
 status=200, reason= 
 headers={'Content-Type': 'application/json;charset=UTF-8', 'Transfer-Encoding': 'chunked', 'Date': 'Mon, 06 Jun 2022 00:54:50 GMT'} 
 body={"totalWorkingClassHeroes":"1","totalTaxReliefAmount":"198499.77"} 
 </msg>
<msg timestamp="20220606 08:54:51.407" level="INFO">${resp_taxReliefsummary} = &lt;Response [200]&gt;</msg>
<status status="PASS" starttime="20220606 08:54:51.388" endtime="20220606 08:54:51.407"/>
</kw>
<msg timestamp="20220606 08:54:51.407" level="INFO">${actual_resp_get_status_code} = &lt;Response [200]&gt;</msg>
<msg timestamp="20220606 08:54:51.407" level="INFO">${actual_resp_get_content} = {"totalWorkingClassHeroes":"1","totalTaxReliefAmount":"198499.77"}</msg>
<status status="PASS" starttime="20220606 08:54:51.388" endtime="20220606 08:54:51.407"/>
</kw>
<kw name="Get Value From Json" library="JSONLibrary">
<var>${act_resp_NoOfWorkingClassHeros}</var>
<arg>${actual_resp_get_status_code.json()}</arg>
<arg>$..totalWorkingClassHeroes</arg>
<doc>Get Value From JSON using JSONPath</doc>
<msg timestamp="20220606 08:54:51.407" level="INFO">${act_resp_NoOfWorkingClassHeros} = ['1']</msg>
<status status="PASS" starttime="20220606 08:54:51.407" endtime="20220606 08:54:51.407"/>
</kw>
<kw name="Get Value From Json" library="JSONLibrary">
<var>${act_resp_totalTaxRelief}</var>
<arg>${actual_resp_get_status_code.json()}</arg>
<arg>$..totalTaxReliefAmount</arg>
<doc>Get Value From JSON using JSONPath</doc>
<msg timestamp="20220606 08:54:51.423" level="INFO">${act_resp_totalTaxRelief} = ['198499.77']</msg>
<status status="PASS" starttime="20220606 08:54:51.407" endtime="20220606 08:54:51.423"/>
</kw>
<kw name="Should Be Equal As Strings" library="BuiltIn">
<arg>${act_resp_NoOfWorkingClassHeros}[0]</arg>
<arg>1</arg>
<arg>Number Of Working Heros not matched</arg>
<doc>Fails if objects are unequal after converting them to strings.</doc>
<status status="PASS" starttime="20220606 08:54:51.423" endtime="20220606 08:54:51.423"/>
</kw>
<kw name="Should Be Equal As Strings" library="BuiltIn">
<arg>${exp_calculated_taxRelief}</arg>
<arg>${act_resp_totalTaxRelief}[0]</arg>
<doc>Fails if objects are unequal after converting them to strings.</doc>
<status status="PASS" starttime="20220606 08:54:51.423" endtime="20220606 08:54:51.423"/>
</kw>
<status status="PASS" starttime="20220606 08:54:51.340" endtime="20220606 08:54:51.423"/>
</branch>
<branch type="ELSE">
<kw name="Skip" library="BuiltIn">
<arg>test</arg>
<doc>Skips the rest of the current test.</doc>
<status status="NOT RUN" starttime="20220606 08:54:51.423" endtime="20220606 08:54:51.423"/>
</kw>
<status status="NOT RUN" starttime="20220606 08:54:51.423" endtime="20220606 08:54:51.423"/>
</branch>
<status status="PASS" starttime="20220606 08:54:51.340" endtime="20220606 08:54:51.423"/>
</if>
<status status="PASS" starttime="20220606 08:54:51.340" endtime="20220606 08:54:51.423"/>
</kw>
<tag>YES</tag>
<status status="PASS" starttime="20220606 08:54:51.340" endtime="20220606 08:54:51.423"/>
</test>
<test id="s1-s1-t6" name="create working class hero and validate tax relief calculation" line="18">
<kw name="create working class hero and get the tax relief">
<arg>YES</arg>
<arg>US04_VerifyTaxRelief_TC06</arg>
<arg>This testcase to verify the tax relief for a person who is Male and Age 34 years</arg>
<arg>09111987</arg>
<arg>M</arg>
<arg>TestRecord 0406</arg>
<arg>C123B789X</arg>
<arg>30000</arg>
<arg>2501</arg>
<arg>202</arg>
<arg>Alright</arg>
<if>
<branch type="IF" condition="'${run_tag}' == 'YES'">
<kw name="Set Variable" library="BuiltIn">
<var>${data}</var>
<arg>{"birthday":"${birthday}","gender":"${gender}","name":"${name}","natid":"${natid}","salary":"${salary}","tax":"${tax}"}</arg>
<doc>Returns the given values which can then be assigned to a variables.</doc>
<msg timestamp="20220606 08:54:51.423" level="INFO">${data} = {"birthday":"09111987","gender":"M","name":"TestRecord 0406","natid":"C123B789X","salary":"30000","tax":"2501"}</msg>
<status status="PASS" starttime="20220606 08:54:51.423" endtime="20220606 08:54:51.423"/>
</kw>
<kw name="Delete all working class hero" library="Common_Keywords">
<kw name="POST On Session" library="RequestsLibrary">
<var>${resp_rakeDatabase}</var>
<arg>Oppenheimer</arg>
<arg>/calculator/rakeDatabase</arg>
<arg>expected_status=200</arg>
<doc>Sends a POST request on a previously created HTTP Session.</doc>
<msg timestamp="20220606 08:54:51.438" level="INFO">POST Request : url=http://localhost:8080/calculator/rakeDatabase 
 path_url=/calculator/rakeDatabase 
 headers={'User-Agent': 'python-requests/2.27.1', 'Accept-Encoding': 'gzip, deflate', 'Accept': '*/*', 'Connection': 'keep-alive', 'Content-Length': '0'} 
 body=None 
 </msg>
<msg timestamp="20220606 08:54:51.438" level="INFO">POST Response : url=http://localhost:8080/calculator/rakeDatabase 
 status=200, reason= 
 headers={'Content-Type': 'text/plain;charset=UTF-8', 'Content-Length': '21', 'Date': 'Mon, 06 Jun 2022 00:54:50 GMT'} 
 body=Successfully raked DB 
 </msg>
<msg timestamp="20220606 08:54:51.438" level="INFO">${resp_rakeDatabase} = &lt;Response [200]&gt;</msg>
<status status="PASS" starttime="20220606 08:54:51.423" endtime="20220606 08:54:51.438"/>
</kw>
<status status="PASS" starttime="20220606 08:54:51.423" endtime="20220606 08:54:51.438"/>
</kw>
<kw name="Trigger create working class hero API" library="Common_Keywords">
<var>${actual_resp_status_code}</var>
<var>${actual_resp_content}</var>
<arg>${data}</arg>
<kw name="Create Dictionary" library="BuiltIn">
<var>${headers}</var>
<arg>Content-Type</arg>
<arg>application/json</arg>
<doc>Creates and returns a dictionary based on the given ``items``.</doc>
<msg timestamp="20220606 08:54:51.438" level="INFO">${headers} = {'Content-Type': 'application/json'}</msg>
<status status="PASS" starttime="20220606 08:54:51.438" endtime="20220606 08:54:51.438"/>
</kw>
<kw name="POST On Session" library="RequestsLibrary">
<var>${resp_insertPerson}</var>
<arg>Oppenheimer</arg>
<arg>/calculator/insert</arg>
<arg>headers=${headers}</arg>
<arg>data=${data}</arg>
<arg>expected_status=anything</arg>
<doc>Sends a POST request on a previously created HTTP Session.</doc>
<msg timestamp="20220606 08:54:51.438" level="INFO">POST Request : url=http://localhost:8080/calculator/insert 
 path_url=/calculator/insert 
 headers={'User-Agent': 'python-requests/2.27.1', 'Accept-Encoding': 'gzip, deflate', 'Accept': '*/*', 'Connection': 'keep-alive', 'Content-Type': 'application/json', 'Content-Length': '111'} 
 body={"birthday":"09111987","gender":"M","name":"TestRecord 0406","natid":"C123B789X","salary":"30000","tax":"2501"} 
 </msg>
<msg timestamp="20220606 08:54:51.438" level="INFO">POST Response : url=http://localhost:8080/calculator/insert 
 status=202, reason= 
 headers={'Content-Type': 'text/plain;charset=UTF-8', 'Content-Length': '7', 'Date': 'Mon, 06 Jun 2022 00:54:50 GMT'} 
 body=Alright 
 </msg>
<msg timestamp="20220606 08:54:51.438" level="INFO">${resp_insertPerson} = &lt;Response [202]&gt;</msg>
<status status="PASS" starttime="20220606 08:54:51.438" endtime="20220606 08:54:51.438"/>
</kw>
<msg timestamp="20220606 08:54:51.438" level="INFO">${actual_resp_status_code} = &lt;Response [202]&gt;</msg>
<msg timestamp="20220606 08:54:51.438" level="INFO">${actual_resp_content} = Alright</msg>
<status status="PASS" starttime="20220606 08:54:51.438" endtime="20220606 08:54:51.438"/>
</kw>
<kw name="Status Should Be" library="RequestsLibrary">
<arg>${expected_resp_code}</arg>
<arg>${actual_resp_status_code}</arg>
<doc>Fails if response status code is different than the expected.</doc>
<status status="PASS" starttime="20220606 08:54:51.438" endtime="20220606 08:54:51.438"/>
</kw>
<kw name="Should Be Equal As Strings" library="BuiltIn">
<arg>${expected_resp_content}</arg>
<arg>${actual_resp_content}</arg>
<doc>Fails if objects are unequal after converting them to strings.</doc>
<msg timestamp="20220606 08:54:51.438" level="INFO">Argument types are:
&lt;class 'str'&gt;
&lt;class 'bytes'&gt;</msg>
<status status="PASS" starttime="20220606 08:54:51.438" endtime="20220606 08:54:51.438"/>
</kw>
<kw name="Calculate Tax Relief" library="Common_Logic">
<var>${exp_calculated_taxRelief}</var>
<arg>${salary}</arg>
<arg>${tax}</arg>
<arg>${gender}</arg>
<arg>${birthday}</arg>
<msg timestamp="20220606 08:54:51.438" level="INFO">34
34
34
21999.20</msg>
<msg timestamp="20220606 08:54:51.438" level="INFO">${exp_calculated_taxRelief} = 21999.20</msg>
<status status="PASS" starttime="20220606 08:54:51.438" endtime="20220606 08:54:51.438"/>
</kw>
<kw name="Generate Mask Nationalid" library="Common_Logic">
<var>${exp_National_ID}</var>
<arg>${natid}</arg>
<msg timestamp="20220606 08:54:51.438" level="INFO">${exp_National_ID} = C123$$$$$</msg>
<status status="PASS" starttime="20220606 08:54:51.438" endtime="20220606 08:54:51.438"/>
</kw>
<kw name="Get Tax Relief" library="Common_Keywords">
<var>${actual_resp_get_status_code}</var>
<var>${actual_resp_get_content}</var>
<kw name="GET On Session" library="RequestsLibrary">
<var>${resp_taxRelief}</var>
<arg>Oppenheimer</arg>
<arg>/calculator/taxRelief</arg>
<doc>Sends a GET request on a previously created HTTP Session.</doc>
<msg timestamp="20220606 08:54:51.454" level="INFO">GET Request : url=http://localhost:8080/calculator/taxRelief 
 path_url=/calculator/taxRelief 
 headers={'User-Agent': 'python-requests/2.27.1', 'Accept-Encoding': 'gzip, deflate', 'Accept': '*/*', 'Connection': 'keep-alive'} 
 body=None 
 </msg>
<msg timestamp="20220606 08:54:51.454" level="INFO">GET Response : url=http://localhost:8080/calculator/taxRelief 
 status=200, reason= 
 headers={'Content-Type': 'application/json;charset=UTF-8', 'Transfer-Encoding': 'chunked', 'Date': 'Mon, 06 Jun 2022 00:54:50 GMT'} 
 body=[{"natid":"C123$$$$$","name":"TestRecord 0406","relief":"21999.00"}] 
 </msg>
<msg timestamp="20220606 08:54:51.454" level="INFO">${resp_taxRelief} = &lt;Response [200]&gt;</msg>
<status status="PASS" starttime="20220606 08:54:51.438" endtime="20220606 08:54:51.454"/>
</kw>
<msg timestamp="20220606 08:54:51.454" level="INFO">${actual_resp_get_status_code} = &lt;Response [200]&gt;</msg>
<msg timestamp="20220606 08:54:51.454" level="INFO">${actual_resp_get_content} = [{"natid":"C123$$$$$","name":"TestRecord 0406","relief":"21999.00"}]</msg>
<status status="PASS" starttime="20220606 08:54:51.438" endtime="20220606 08:54:51.454"/>
</kw>
<kw name="Get Value From Json" library="JSONLibrary">
<var>${act_resp_name}</var>
<arg>${actual_resp_get_status_code.json()}</arg>
<arg>$..name</arg>
<doc>Get Value From JSON using JSONPath</doc>
<msg timestamp="20220606 08:54:51.454" level="INFO">${act_resp_name} = ['TestRecord 0406']</msg>
<status status="PASS" starttime="20220606 08:54:51.454" endtime="20220606 08:54:51.454"/>
</kw>
<kw name="Get Value From Json" library="JSONLibrary">
<var>${act_resp_nationalID}</var>
<arg>${actual_resp_get_status_code.json()}</arg>
<arg>$..natid</arg>
<doc>Get Value From JSON using JSONPath</doc>
<msg timestamp="20220606 08:54:51.470" level="INFO">${act_resp_nationalID} = ['C123$$$$$']</msg>
<status status="PASS" starttime="20220606 08:54:51.454" endtime="20220606 08:54:51.470"/>
</kw>
<kw name="Get Value From Json" library="JSONLibrary">
<var>${act_resp_TaxRelief}</var>
<arg>${actual_resp_get_status_code.json()}</arg>
<arg>$..relief</arg>
<doc>Get Value From JSON using JSONPath</doc>
<msg timestamp="20220606 08:54:51.485" level="INFO">${act_resp_TaxRelief} = ['21999.00']</msg>
<status status="PASS" starttime="20220606 08:54:51.470" endtime="20220606 08:54:51.485"/>
</kw>
<kw name="Should Be Equal As Strings" library="BuiltIn">
<arg>${name}</arg>
<arg>${act_resp_name}[0]</arg>
<doc>Fails if objects are unequal after converting them to strings.</doc>
<status status="PASS" starttime="20220606 08:54:51.485" endtime="20220606 08:54:51.485"/>
</kw>
<kw name="Should Be Equal As Strings" library="BuiltIn">
<arg>${exp_National_ID}</arg>
<arg>${act_resp_nationalID}[0]</arg>
<doc>Fails if objects are unequal after converting them to strings.</doc>
<status status="PASS" starttime="20220606 08:54:51.485" endtime="20220606 08:54:51.485"/>
</kw>
<kw name="Should Be Equal As Strings" library="BuiltIn">
<arg>${exp_calculated_taxRelief}</arg>
<arg>${act_resp_TaxRelief}[0]</arg>
<doc>Fails if objects are unequal after converting them to strings.</doc>
<msg timestamp="20220606 08:54:51.485" level="FAIL">21999.20 != 21999.00</msg>
<status status="FAIL" starttime="20220606 08:54:51.485" endtime="20220606 08:54:51.485"/>
</kw>
<kw name="Get Tax Relief Summary" library="Common_Keywords">
<var>${actual_resp_get_status_code}</var>
<var>${actual_resp_get_content}</var>
<status status="NOT RUN" starttime="20220606 08:54:51.485" endtime="20220606 08:54:51.485"/>
</kw>
<kw name="Get Value From Json" library="JSONLibrary">
<var>${act_resp_NoOfWorkingClassHeros}</var>
<arg>${actual_resp_get_status_code.json()}</arg>
<arg>$..totalWorkingClassHeroes</arg>
<doc>Get Value From JSON using JSONPath</doc>
<status status="NOT RUN" starttime="20220606 08:54:51.485" endtime="20220606 08:54:51.485"/>
</kw>
<kw name="Get Value From Json" library="JSONLibrary">
<var>${act_resp_totalTaxRelief}</var>
<arg>${actual_resp_get_status_code.json()}</arg>
<arg>$..totalTaxReliefAmount</arg>
<doc>Get Value From JSON using JSONPath</doc>
<status status="NOT RUN" starttime="20220606 08:54:51.485" endtime="20220606 08:54:51.485"/>
</kw>
<kw name="Should Be Equal As Strings" library="BuiltIn">
<arg>${act_resp_NoOfWorkingClassHeros}[0]</arg>
<arg>1</arg>
<arg>Number Of Working Heros not matched</arg>
<doc>Fails if objects are unequal after converting them to strings.</doc>
<status status="NOT RUN" starttime="20220606 08:54:51.485" endtime="20220606 08:54:51.485"/>
</kw>
<kw name="Should Be Equal As Strings" library="BuiltIn">
<arg>${exp_calculated_taxRelief}</arg>
<arg>${act_resp_totalTaxRelief}[0]</arg>
<doc>Fails if objects are unequal after converting them to strings.</doc>
<status status="NOT RUN" starttime="20220606 08:54:51.485" endtime="20220606 08:54:51.485"/>
</kw>
<status status="FAIL" starttime="20220606 08:54:51.423" endtime="20220606 08:54:51.485"/>
</branch>
<branch type="ELSE">
<kw name="Skip" library="BuiltIn">
<arg>test</arg>
<doc>Skips the rest of the current test.</doc>
<status status="NOT RUN" starttime="20220606 08:54:51.485" endtime="20220606 08:54:51.485"/>
</kw>
<status status="NOT RUN" starttime="20220606 08:54:51.485" endtime="20220606 08:54:51.485"/>
</branch>
<status status="FAIL" starttime="20220606 08:54:51.423" endtime="20220606 08:54:51.485"/>
</if>
<status status="FAIL" starttime="20220606 08:54:51.423" endtime="20220606 08:54:51.485"/>
</kw>
<tag>YES</tag>
<status status="FAIL" starttime="20220606 08:54:51.423" endtime="20220606 08:54:51.485">21999.20 != 21999.00</status>
</test>
<test id="s1-s1-t7" name="create working class hero and validate tax relief calculation" line="18">
<kw name="create working class hero and get the tax relief">
<arg>YES</arg>
<arg>US04_VerifyTaxRelief_TC07</arg>
<arg>This testcase to verify the tax relief for a person who is Male and Age 35 years</arg>
<arg>21101986</arg>
<arg>m</arg>
<arg>TestRecord 0407</arg>
<arg>D123O789M</arg>
<arg>40000</arg>
<arg>3500.1</arg>
<arg>202</arg>
<arg>Alright</arg>
<if>
<branch type="IF" condition="'${run_tag}' == 'YES'">
<kw name="Set Variable" library="BuiltIn">
<var>${data}</var>
<arg>{"birthday":"${birthday}","gender":"${gender}","name":"${name}","natid":"${natid}","salary":"${salary}","tax":"${tax}"}</arg>
<doc>Returns the given values which can then be assigned to a variables.</doc>
<msg timestamp="20220606 08:54:51.485" level="INFO">${data} = {"birthday":"21101986","gender":"m","name":"TestRecord 0407","natid":"D123O789M","salary":"40000","tax":"3500.1"}</msg>
<status status="PASS" starttime="20220606 08:54:51.485" endtime="20220606 08:54:51.485"/>
</kw>
<kw name="Delete all working class hero" library="Common_Keywords">
<kw name="POST On Session" library="RequestsLibrary">
<var>${resp_rakeDatabase}</var>
<arg>Oppenheimer</arg>
<arg>/calculator/rakeDatabase</arg>
<arg>expected_status=200</arg>
<doc>Sends a POST request on a previously created HTTP Session.</doc>
<msg timestamp="20220606 08:54:51.501" level="INFO">POST Request : url=http://localhost:8080/calculator/rakeDatabase 
 path_url=/calculator/rakeDatabase 
 headers={'User-Agent': 'python-requests/2.27.1', 'Accept-Encoding': 'gzip, deflate', 'Accept': '*/*', 'Connection': 'keep-alive', 'Content-Length': '0'} 
 body=None 
 </msg>
<msg timestamp="20220606 08:54:51.501" level="INFO">POST Response : url=http://localhost:8080/calculator/rakeDatabase 
 status=200, reason= 
 headers={'Content-Type': 'text/plain;charset=UTF-8', 'Content-Length': '21', 'Date': 'Mon, 06 Jun 2022 00:54:50 GMT'} 
 body=Successfully raked DB 
 </msg>
<msg timestamp="20220606 08:54:51.501" level="INFO">${resp_rakeDatabase} = &lt;Response [200]&gt;</msg>
<status status="PASS" starttime="20220606 08:54:51.485" endtime="20220606 08:54:51.501"/>
</kw>
<status status="PASS" starttime="20220606 08:54:51.485" endtime="20220606 08:54:51.501"/>
</kw>
[...]
</if>
<status status="NOT RUN" starttime="20220606 08:54:53.888" endtime="20220606 08:54:53.888"/>
</branch>
<branch type="ELSE">
<kw name="Skip" library="BuiltIn">
<arg>test</arg>
<doc>Skips the rest of the current test.</doc>
<msg timestamp="20220606 08:54:53.888" level="SKIP">test</msg>
<status status="SKIP" starttime="20220606 08:54:53.888" endtime="20220606 08:54:53.888"/>
</kw>
<status status="SKIP" starttime="20220606 08:54:53.888" endtime="20220606 08:54:53.888"/>
</branch>
<status status="SKIP" starttime="20220606 08:54:53.888" endtime="20220606 08:54:53.888"/>
</if>
<status status="SKIP" starttime="20220606 08:54:53.888" endtime="20220606 08:54:53.888"/>
</kw>
<tag>YES</tag>
<status status="SKIP" starttime="20220606 08:54:53.884" endtime="20220606 08:54:53.888">test</status>
</test>
<status status="FAIL" starttime="20220606 08:54:53.229" endtime="20220606 08:54:53.888"/>
</suite>
<suite id="s1-s4" name="Oppenheimer UI UploadCSVfile" source="R:\pythonProject\Oppenheimer_Test_Automation\Oppenheimer_Test_Automation\testcases\Oppenheimer_UI_UploadCSVfile.robot">
<kw name="Create Session" library="RequestsLibrary" type="SETUP">
<arg>Oppenheimer</arg>
<arg>http://localhost:8080</arg>
<doc>Create Session: create a HTTP session to a server</doc>
<msg timestamp="20220606 08:54:53.994" level="INFO">Creating Session using : alias=Oppenheimer, url=http://localhost:8080, headers={},                     cookies={}, auth=None, timeout=None, proxies=None, verify=False,                     debug=0 </msg>
<status status="PASS" starttime="20220606 08:54:53.994" endtime="20220606 08:54:53.994"/>
</kw>
<test id="s1-s4-t1" name="Validate upload csv with working class heros" line="25">
<kw name="Set Screenshot Directory" library="SeleniumLibrary">
<arg>${OUTPUTDIR}/Screenshots</arg>
<doc>Sets the directory for captured screenshots.</doc>
<status status="PASS" starttime="20220606 08:54:53.994" endtime="20220606 08:54:53.994"/>
</kw>
<kw name="Delete all working class hero" library="Common_Keywords">
<kw name="POST On Session" library="RequestsLibrary">
<var>${resp_rakeDatabase}</var>
<arg>Oppenheimer</arg>
<arg>/calculator/rakeDatabase</arg>
<arg>expected_status=200</arg>
<doc>Sends a POST request on a previously created HTTP Session.</doc>
<msg timestamp="20220606 08:54:54.010" level="INFO">POST Request : url=http://localhost:8080/calculator/rakeDatabase 
 path_url=/calculator/rakeDatabase 
 headers={'User-Agent': 'python-requests/2.27.1', 'Accept-Encoding': 'gzip, deflate', 'Accept': '*/*', 'Connection': 'keep-alive', 'Content-Length': '0'} 
 body=None 
 </msg>
<msg timestamp="20220606 08:54:54.010" level="INFO">POST Response : url=http://localhost:8080/calculator/rakeDatabase 
 status=200, reason= 
 headers={'Content-Type': 'text/plain;charset=UTF-8', 'Content-Length': '21', 'Date': 'Mon, 06 Jun 2022 00:54:53 GMT'} 
 body=Successfully raked DB 
 </msg>
<msg timestamp="20220606 08:54:54.010" level="INFO">${resp_rakeDatabase} = &lt;Response [200]&gt;</msg>
<status status="PASS" starttime="20220606 08:54:53.994" endtime="20220606 08:54:54.010"/>
</kw>
<status status="PASS" starttime="20220606 08:54:53.994" endtime="20220606 08:54:54.010"/>
</kw>
<kw name="Open Browser" library="SeleniumLibrary">
<arg>${LoginURL}</arg>
<arg>${Browser}</arg>
<doc>Opens a new browser instance to the optional ``url``.</doc>
<msg timestamp="20220606 08:54:54.010" level="INFO">Opening browser 'Chrome' to base url 'http://localhost:8080/'.</msg>
<status status="PASS" starttime="20220606 08:54:54.010" endtime="20220606 08:54:55.441"/>
</kw>
<kw name="Maximize Browser Window" library="SeleniumLibrary">
<doc>Maximizes current browser window.</doc>
<status status="PASS" starttime="20220606 08:54:55.442" endtime="20220606 08:54:55.560"/>
</kw>
<kw name="Capture Page Screenshot" library="SeleniumLibrary">
<doc>Takes a screenshot of the current page and embeds it into a log file.</doc>
<msg timestamp="20220606 08:54:55.692" level="INFO" html="true">&lt;/td&gt;&lt;/tr&gt;&lt;tr&gt;&lt;td colspan="3"&gt;&lt;a href="Screenshots/selenium-screenshot-4.png"&gt;&lt;img src="Screenshots/selenium-screenshot-4.png" width="800px"&gt;&lt;/a&gt;</msg>
<status status="PASS" starttime="20220606 08:54:55.560" endtime="20220606 08:54:55.692"/>
</kw>
<kw name="Sleep" library="BuiltIn">
<arg>2s</arg>
<doc>Pauses the test executed for the given time.</doc>
<msg timestamp="20220606 08:54:57.718" level="INFO">Slept 2 seconds</msg>
<status status="PASS" starttime="20220606 08:54:55.692" endtime="20220606 08:54:57.719"/>
</kw>
<kw name="Choose File" library="SeleniumLibrary">
<arg>${btn_uploadfile}</arg>
<arg>${testdata_input}</arg>
<doc>Inputs the ``file_path`` into the file input field ``locator``.</doc>
<msg timestamp="20220606 08:54:57.720" level="INFO">Sending R:\pythonProject\Oppenheimer_Test_Automation\Oppenheimer_Test_Automation\testcases\Upload_50Records.csv to browser.</msg>
<status status="PASS" starttime="20220606 08:54:57.720" endtime="20220606 08:54:57.751"/>
</kw>
<kw name="Click Button" library="SeleniumLibrary">
<arg>${btn_Refresh}</arg>
<doc>Clicks the button identified by ``locator``.</doc>
<msg timestamp="20220606 08:54:57.752" level="INFO">Clicking button 'xpath://button[@type='button'][1]'.</msg>
<status status="PASS" starttime="20220606 08:54:57.751" endtime="20220606 08:54:57.801"/>
</kw>
<kw name="Capture Page Screenshot" library="SeleniumLibrary">
<doc>Takes a screenshot of the current page and embeds it into a log file.</doc>
<msg timestamp="20220606 08:54:57.967" level="INFO" html="true">&lt;/td&gt;&lt;/tr&gt;&lt;tr&gt;&lt;td colspan="3"&gt;&lt;a href="Screenshots/selenium-screenshot-5.png"&gt;&lt;img src="Screenshots/selenium-screenshot-5.png" width="800px"&gt;&lt;/a&gt;</msg>
<status status="PASS" starttime="20220606 08:54:57.802" endtime="20220606 08:54:57.967"/>
</kw>
<kw name="Sleep" library="BuiltIn">
<arg>2s</arg>
<doc>Pauses the test executed for the given time.</doc>
<msg timestamp="20220606 08:54:59.982" level="INFO">Slept 2 seconds</msg>
<status status="PASS" starttime="20220606 08:54:57.968" endtime="20220606 08:54:59.982"/>
</kw>
<kw name="Execute Javascript" library="SeleniumLibrary">
<arg>window.scrollTo(0, window.scrollY+20000)</arg>
<doc>Executes the given JavaScript code with possible arguments.</doc>
<msg timestamp="20220606 08:54:59.984" level="INFO">Executing JavaScript:
window.scrollTo(0, window.scrollY+20000)
Without any arguments.</msg>
<status status="PASS" starttime="20220606 08:54:59.983" endtime="20220606 08:54:59.988"/>
</kw>
<kw name="Element Text Should Be" library="SeleniumLibrary">
<arg>${txt_TotaltaxMsg}</arg>
<arg>£94204404.91 will be dispensed to 50 Working Class Hero/s</arg>
<arg>Text message not displayed as expected</arg>
<doc>Verifies that element ``locator`` contains exact the text ``expected``.</doc>
<msg timestamp="20220606 08:54:59.988" level="INFO">Verifying element 'xpath://p[contains(text(),'Working Class Hero/s')]' contains exact text '£94204404.91 will be dispensed to 50 Working Class Hero/s'.</msg>
<status status="PASS" starttime="20220606 08:54:59.988" endtime="20220606 08:55:00.007"/>
</kw>
<kw name="Capture Page Screenshot" library="SeleniumLibrary">
<doc>Takes a screenshot of the current page and embeds it into a log file.</doc>
<msg timestamp="20220606 08:55:00.141" level="INFO" html="true">&lt;/td&gt;&lt;/tr&gt;&lt;tr&gt;&lt;td colspan="3"&gt;&lt;a href="Screenshots/selenium-screenshot-6.png"&gt;&lt;img src="Screenshots/selenium-screenshot-6.png" width="800px"&gt;&lt;/a&gt;</msg>
<status status="PASS" starttime="20220606 08:55:00.008" endtime="20220606 08:55:00.141"/>
</kw>
<kw name="Sleep" library="BuiltIn">
<arg>2s</arg>
<doc>Pauses the test executed for the given time.</doc>
<msg timestamp="20220606 08:55:02.164" level="INFO">Slept 2 seconds</msg>
<status status="PASS" starttime="20220606 08:55:00.141" endtime="20220606 08:55:02.164"/>
</kw>
<kw name="Click Element" library="SeleniumLibrary">
<arg>${txt_btnDispense}</arg>
<doc>Click the element identified by ``locator``.</doc>
<msg timestamp="20220606 08:55:02.165" level="INFO">Clicking element 'xpath://a[text()='Dispense Now']'.</msg>
<status status="PASS" starttime="20220606 08:55:02.165" endtime="20220606 08:55:02.401"/>
</kw>
<kw name="Element Text Should Be" library="SeleniumLibrary">
<arg>${txt_dispenseMsg}</arg>
<arg>Cash dispensed</arg>
<arg>Text message not displayed as expected</arg>
<doc>Verifies that element ``locator`` contains exact the text ``expected``.</doc>
<msg timestamp="20220606 08:55:02.402" level="INFO">Verifying element 'xpath://div[contains(text(),'Cash dispensed')]' contains exact text 'Cash dispensed'.</msg>
<status status="PASS" starttime="20220606 08:55:02.402" endtime="20220606 08:55:02.422"/>
</kw>
<kw name="Capture Page Screenshot" library="SeleniumLibrary">
<doc>Takes a screenshot of the current page and embeds it into a log file.</doc>
<msg timestamp="20220606 08:55:02.575" level="INFO" html="true">&lt;/td&gt;&lt;/tr&gt;&lt;tr&gt;&lt;td colspan="3"&gt;&lt;a href="Screenshots/selenium-screenshot-7.png"&gt;&lt;img src="Screenshots/selenium-screenshot-7.png" width="800px"&gt;&lt;/a&gt;</msg>
<status status="PASS" starttime="20220606 08:55:02.423" endtime="20220606 08:55:02.575"/>
</kw>
<tag>YES</tag>
<status status="PASS" starttime="20220606 08:54:53.994" endtime="20220606 08:55:02.575"/>
</test>
<doc>File Upload Download in Robot Framework</doc>
<status status="PASS" starttime="20220606 08:54:53.888" endtime="20220606 08:55:02.575"/>
</suite>
<status status="FAIL" starttime="20220606 08:54:50.260" endtime="20220606 08:55:02.580"/>
</suite>
<statistics>
<total>
<stat pass="36" fail="14" skip="1">All Tests</stat>
</total>
<tag>
<stat pass="36" fail="14" skip="1">YES</stat>
</tag>
<suite>
<stat pass="36" fail="14" skip="1" id="s1" name="Oppenheimer">Oppenheimer</stat>
<stat pass="13" fail="10" skip="0" id="s1-s1" name="Oppenheimer API GetTaxRelief">Oppenheimer.Oppenheimer API GetTaxRelief</stat>
<stat pass="3" fail="0" skip="0" id="s1-s2" name="Oppenheimer API InsertMultiplePerson">Oppenheimer.Oppenheimer API InsertMultiplePerson</stat>
<stat pass="19" fail="4" skip="1" id="s1-s3" name="Oppenheimer API InsertPerson">Oppenheimer.Oppenheimer API InsertPerson</stat>
<stat pass="1" fail="0" skip="0" id="s1-s4" name="Oppenheimer UI UploadCSVfile">Oppenheimer.Oppenheimer UI UploadCSVfile</stat>
</suite>
</statistics>
<errors>
<msg timestamp="20220606 08:54:51.096" level="WARN">Multiple tests with name 'create working class hero and validate tax relief calculation' executed in suite 'Oppenheimer.Oppenheimer API GetTaxRelief'.</msg>
<msg timestamp="20220606 08:54:51.185" level="WARN">Multiple tests with name 'create working class hero and validate tax relief calculation' executed in suite 'Oppenheimer.Oppenheimer API GetTaxRelief'.</msg>
<msg timestamp="20220606 08:54:51.276" level="WARN">Multiple tests with name 'create working class hero and validate tax relief calculation' executed in suite 'Oppenheimer.Oppenheimer API GetTaxRelief'.</msg>
<msg timestamp="20220606 08:54:51.340" level="WARN">Multiple tests with name 'create working class hero and validate tax relief calculation' executed in suite 'Oppenheimer.Oppenheimer API GetTaxRelief'.</msg>
<msg timestamp="20220606 08:54:51.423" level="WARN">Multiple tests with name 'create working class hero and validate tax relief calculation' executed in suite 'Oppenheimer.Oppenheimer API GetTaxRelief'.</msg>
<msg timestamp="20220606 08:54:51.485" level="WARN">Multiple tests with name 'create working class hero and validate tax relief calculation' executed in suite 'Oppenheimer.Oppenheimer API GetTaxRelief'.</msg>
<msg timestamp="20220606 08:54:51.548" level="WARN">Multiple tests with name 'create working class hero and validate tax relief calculation' executed in suite 'Oppenheimer.Oppenheimer API GetTaxRelief'.</msg>
<msg timestamp="20220606 08:54:51.673" level="WARN">Multiple tests with name 'create working class hero and validate tax relief calculation' executed in suite 'Oppenheimer.Oppenheimer API GetTaxRelief'.</msg>
<msg timestamp="20220606 08:54:51.734" level="WARN">Multiple tests with name 'create working class hero and validate tax relief calculation' executed in suite 'Oppenheimer.Oppenheimer API GetTaxRelief'.</msg>
<msg timestamp="20220606 08:54:51.817" level="WARN">Multiple tests with name 'create working class hero and validate tax relief calculation' executed in suite 'Oppenheimer.Oppenheimer API GetTaxRelief'.</msg>
<msg timestamp="20220606 08:54:51.932" level="WARN">Multiple tests with name 'create working class hero and validate tax relief calculation' executed in suite 'Oppenheimer.Oppenheimer API GetTaxRelief'.</msg>
<msg timestamp="20220606 08:54:52.024" level="WARN">Multiple tests with name 'create working class hero and validate tax relief calculation' executed in suite 'Oppenheimer.Oppenheimer API GetTaxRelief'.</msg>
<msg timestamp="20220606 08:54:52.144" level="WARN">Multiple tests with name 'create working class hero and validate tax relief calculation' executed in suite 'Oppenheimer.Oppenheimer API GetTaxRelief'.</msg>
<msg timestamp="20220606 08:54:52.216" level="WARN">Multiple tests with name 'create working class hero and validate tax relief calculation' executed in suite 'Oppenheimer.Oppenheimer API GetTaxRelief'.</msg>
<msg timestamp="20220606 08:54:52.342" level="WARN">Multiple tests with name 'create working class hero and validate tax relief calculation' executed in suite 'Oppenheimer.Oppenheimer API GetTaxRelief'.</msg>
<msg timestamp="20220606 08:54:52.443" level="WARN">Multiple tests with name 'create working class hero and validate tax relief calculation' executed in suite 'Oppenheimer.Oppenheimer API GetTaxRelief'.</msg>
<msg timestamp="20220606 08:54:52.507" level="WARN">Multiple tests with name 'create working class hero and validate tax relief calculation' executed in suite 'Oppenheimer.Oppenheimer API GetTaxRelief'.</msg>
<msg timestamp="20220606 08:54:52.603" level="WARN">Multiple tests with name 'create working class hero and validate tax relief calculation' executed in suite 'Oppenheimer.Oppenheimer API GetTaxRelief'.</msg>
<msg timestamp="20220606 08:54:52.686" level="WARN">Multiple tests with name 'create working class hero and validate tax relief calculation' executed in suite 'Oppenheimer.Oppenheimer API GetTaxRelief'.</msg>
<msg timestamp="20220606 08:54:52.747" level="WARN">Multiple tests with name 'create working class hero and validate tax relief calculation' executed in suite 'Oppenheimer.Oppenheimer API GetTaxRelief'.</msg>
<msg timestamp="20220606 08:54:52.857" level="WARN">Multiple tests with name 'create working class hero and validate tax relief calculation' executed in suite 'Oppenheimer.Oppenheimer API GetTaxRelief'.</msg>
<msg timestamp="20220606 08:54:52.952" level="WARN">Multiple tests with name 'create working class hero and validate tax relief calculation' executed in suite 'Oppenheimer.Oppenheimer API GetTaxRelief'.</msg>
<msg timestamp="20220606 08:54:53.139" level="WARN">Multiple tests with name 'create more than one working class hero functional validation' executed in suite 'Oppenheimer.Oppenheimer API InsertMultiplePerson'.</msg>
<msg timestamp="20220606 08:54:53.186" level="WARN">Multiple tests with name 'create more than one working class hero functional validation' executed in suite 'Oppenheimer.Oppenheimer API InsertMultiplePerson'.</msg>
<msg timestamp="20220606 08:54:53.287" level="WARN">Multiple tests with name 'create working class hero functional validation' executed in suite 'Oppenheimer.Oppenheimer API InsertPerson'.</msg>
<msg timestamp="20220606 08:54:53.294" level="WARN">Multiple tests with name 'create working class hero functional validation' executed in suite 'Oppenheimer.Oppenheimer API InsertPerson'.</msg>
<msg timestamp="20220606 08:54:53.334" level="WARN">Multiple tests with name 'create working class hero functional validation' executed in suite 'Oppenheimer.Oppenheimer API InsertPerson'.</msg>
<msg timestamp="20220606 08:54:53.380" level="WARN">Multiple tests with name 'create working class hero functional validation' executed in suite 'Oppenheimer.Oppenheimer API InsertPerson'.</msg>
<msg timestamp="20220606 08:54:53.404" level="WARN">Multiple tests with name 'create working class hero functional validation' executed in suite 'Oppenheimer.Oppenheimer API InsertPerson'.</msg>
<msg timestamp="20220606 08:54:53.452" level="WARN">Multiple tests with name 'create working class hero functional validation' executed in suite 'Oppenheimer.Oppenheimer API InsertPerson'.</msg>
<msg timestamp="20220606 08:54:53.473" level="WARN">Multiple tests with name 'create working class hero functional validation' executed in suite 'Oppenheimer.Oppenheimer API InsertPerson'.</msg>
<msg timestamp="20220606 08:54:53.489" level="WARN">Multiple tests with name 'create working class hero functional validation' executed in suite 'Oppenheimer.Oppenheimer API InsertPerson'.</msg>
<msg timestamp="20220606 08:54:53.515" level="WARN">Multiple tests with name 'create working class hero functional validation' executed in suite 'Oppenheimer.Oppenheimer API InsertPerson'.</msg>
<msg timestamp="20220606 08:54:53.550" level="WARN">Multiple tests with name 'create working class hero functional validation' executed in suite 'Oppenheimer.Oppenheimer API InsertPerson'.</msg>
<msg timestamp="20220606 08:54:53.564" level="WARN">Multiple tests with name 'create working class hero functional validation' executed in suite 'Oppenheimer.Oppenheimer API InsertPerson'.</msg>
<msg timestamp="20220606 08:54:53.590" level="WARN">Multiple tests with name 'create working class hero functional validation' executed in suite 'Oppenheimer.Oppenheimer API InsertPerson'.</msg>
<msg timestamp="20220606 08:54:53.629" level="WARN">Multiple tests with name 'create working class hero functional validation' executed in suite 'Oppenheimer.Oppenheimer API InsertPerson'.</msg>
<msg timestamp="20220606 08:54:53.668" level="WARN">Multiple tests with name 'create working class hero functional validation' executed in suite 'Oppenheimer.Oppenheimer API InsertPerson'.</msg>
<msg timestamp="20220606 08:54:53.700" level="WARN">Multiple tests with name 'create working class hero functional validation' executed in suite 'Oppenheimer.Oppenheimer API InsertPerson'.</msg>
<msg timestamp="20220606 08:54:53.731" level="WARN">Multiple tests with name 'create working class hero functional validation' executed in suite 'Oppenheimer.Oppenheimer API InsertPerson'.</msg>
<msg timestamp="20220606 08:54:53.763" level="WARN">Multiple tests with name 'create working class hero functional validation' executed in suite 'Oppenheimer.Oppenheimer API InsertPerson'.</msg>
<msg timestamp="20220606 08:54:53.795" level="WARN">Multiple tests with name 'create working class hero functional validation' executed in suite 'Oppenheimer.Oppenheimer API InsertPerson'.</msg>
<msg timestamp="20220606 08:54:53.813" level="WARN">Multiple tests with name 'create working class hero functional validation' executed in suite 'Oppenheimer.Oppenheimer API InsertPerson'.</msg>
<msg timestamp="20220606 08:54:53.820" level="WARN">Multiple tests with name 'create working class hero functional validation' executed in suite 'Oppenheimer.Oppenheimer API InsertPerson'.</msg>
<msg timestamp="20220606 08:54:53.837" level="WARN">Multiple tests with name 'create working class hero functional validation' executed in suite 'Oppenheimer.Oppenheimer API InsertPerson'.</msg>
<msg timestamp="20220606 08:54:53.869" level="WARN">Multiple tests with name 'create working class hero functional validation' executed in suite 'Oppenheimer.Oppenheimer API InsertPerson'.</msg>
<msg timestamp="20220606 08:54:53.884" level="WARN">Multiple tests with name 'create working class hero functional validation' executed in suite 'Oppenheimer.Oppenheimer API InsertPerson'.</msg>
</errors>
</robot>
